{"C:\\Users\\user\\Desktop\\meals\\banka\\dist\\server\\test\\test-accounts.spec.js":{"path":"C:\\Users\\user\\Desktop\\meals\\banka\\dist\\server\\test\\test-accounts.spec.js","statementMap":{"0":{"start":{"line":3,"column":12},"end":{"line":3,"column":51}},"1":{"start":{"line":5,"column":16},"end":{"line":5,"column":60}},"2":{"start":{"line":7,"column":13},"end":{"line":7,"column":59}},"3":{"start":{"line":9,"column":16},"end":{"line":9,"column":74}},"4":{"start":{"line":11,"column":39},"end":{"line":11,"column":95}},"5":{"start":{"line":17,"column":13},"end":{"line":17,"column":38}},"6":{"start":{"line":19,"column":0},"end":{"line":19,"column":43}},"7":{"start":{"line":21,"column":0},"end":{"line":25,"column":3}},"8":{"start":{"line":22,"column":2},"end":{"line":24,"column":5}},"9":{"start":{"line":23,"column":4},"end":{"line":23,"column":38}},"10":{"start":{"line":26,"column":0},"end":{"line":46,"column":3}},"11":{"start":{"line":27,"column":2},"end":{"line":29,"column":5}},"12":{"start":{"line":28,"column":4},"end":{"line":28,"column":45}},"13":{"start":{"line":30,"column":2},"end":{"line":45,"column":5}},"14":{"start":{"line":31,"column":4},"end":{"line":42,"column":7}},"15":{"start":{"line":35,"column":6},"end":{"line":35,"column":34}},"16":{"start":{"line":36,"column":6},"end":{"line":36,"column":25}},"17":{"start":{"line":37,"column":6},"end":{"line":37,"column":37}},"18":{"start":{"line":38,"column":6},"end":{"line":38,"column":46}},"19":{"start":{"line":39,"column":6},"end":{"line":39,"column":40}},"20":{"start":{"line":40,"column":6},"end":{"line":40,"column":44}},"21":{"start":{"line":41,"column":6},"end":{"line":41,"column":42}},"22":{"start":{"line":44,"column":4},"end":{"line":44,"column":11}},"23":{"start":{"line":47,"column":0},"end":{"line":78,"column":3}},"24":{"start":{"line":48,"column":2},"end":{"line":62,"column":5}},"25":{"start":{"line":49,"column":4},"end":{"line":59,"column":7}},"26":{"start":{"line":53,"column":6},"end":{"line":53,"column":34}},"27":{"start":{"line":54,"column":6},"end":{"line":54,"column":25}},"28":{"start":{"line":55,"column":6},"end":{"line":55,"column":37}},"29":{"start":{"line":56,"column":6},"end":{"line":56,"column":46}},"30":{"start":{"line":57,"column":6},"end":{"line":57,"column":40}},"31":{"start":{"line":58,"column":6},"end":{"line":58,"column":45}},"32":{"start":{"line":61,"column":4},"end":{"line":61,"column":11}},"33":{"start":{"line":63,"column":2},"end":{"line":77,"column":5}},"34":{"start":{"line":64,"column":4},"end":{"line":74,"column":7}},"35":{"start":{"line":68,"column":6},"end":{"line":68,"column":34}},"36":{"start":{"line":69,"column":6},"end":{"line":69,"column":25}},"37":{"start":{"line":70,"column":6},"end":{"line":70,"column":37}},"38":{"start":{"line":71,"column":6},"end":{"line":71,"column":46}},"39":{"start":{"line":72,"column":6},"end":{"line":72,"column":40}},"40":{"start":{"line":73,"column":6},"end":{"line":73,"column":45}},"41":{"start":{"line":76,"column":4},"end":{"line":76,"column":11}},"42":{"start":{"line":79,"column":0},"end":{"line":98,"column":3}},"43":{"start":{"line":80,"column":2},"end":{"line":82,"column":5}},"44":{"start":{"line":81,"column":4},"end":{"line":81,"column":47}},"45":{"start":{"line":83,"column":2},"end":{"line":97,"column":5}},"46":{"start":{"line":84,"column":4},"end":{"line":94,"column":7}},"47":{"start":{"line":87,"column":6},"end":{"line":87,"column":34}},"48":{"start":{"line":88,"column":6},"end":{"line":88,"column":25}},"49":{"start":{"line":89,"column":6},"end":{"line":89,"column":37}},"50":{"start":{"line":90,"column":6},"end":{"line":90,"column":46}},"51":{"start":{"line":91,"column":6},"end":{"line":91,"column":40}},"52":{"start":{"line":92,"column":6},"end":{"line":92,"column":44}},"53":{"start":{"line":93,"column":6},"end":{"line":93,"column":42}},"54":{"start":{"line":96,"column":4},"end":{"line":96,"column":11}},"55":{"start":{"line":99,"column":0},"end":{"line":113,"column":3}},"56":{"start":{"line":100,"column":2},"end":{"line":112,"column":5}},"57":{"start":{"line":101,"column":4},"end":{"line":109,"column":7}},"58":{"start":{"line":103,"column":6},"end":{"line":103,"column":34}},"59":{"start":{"line":104,"column":6},"end":{"line":104,"column":25}},"60":{"start":{"line":105,"column":6},"end":{"line":105,"column":37}},"61":{"start":{"line":106,"column":6},"end":{"line":106,"column":46}},"62":{"start":{"line":107,"column":6},"end":{"line":107,"column":40}},"63":{"start":{"line":108,"column":6},"end":{"line":108,"column":45}},"64":{"start":{"line":111,"column":4},"end":{"line":111,"column":11}},"65":{"start":{"line":114,"column":0},"end":{"line":130,"column":3}},"66":{"start":{"line":115,"column":2},"end":{"line":117,"column":5}},"67":{"start":{"line":116,"column":4},"end":{"line":116,"column":48}},"68":{"start":{"line":118,"column":2},"end":{"line":129,"column":5}},"69":{"start":{"line":119,"column":4},"end":{"line":126,"column":7}},"70":{"start":{"line":120,"column":6},"end":{"line":120,"column":34}},"71":{"start":{"line":121,"column":6},"end":{"line":121,"column":25}},"72":{"start":{"line":122,"column":6},"end":{"line":122,"column":37}},"73":{"start":{"line":123,"column":6},"end":{"line":123,"column":46}},"74":{"start":{"line":124,"column":6},"end":{"line":124,"column":40}},"75":{"start":{"line":125,"column":6},"end":{"line":125,"column":47}},"76":{"start":{"line":128,"column":4},"end":{"line":128,"column":11}},"77":{"start":{"line":131,"column":0},"end":{"line":148,"column":3}},"78":{"start":{"line":132,"column":2},"end":{"line":134,"column":5}},"79":{"start":{"line":133,"column":4},"end":{"line":133,"column":43}},"80":{"start":{"line":135,"column":2},"end":{"line":147,"column":5}},"81":{"start":{"line":136,"column":4},"end":{"line":144,"column":7}},"82":{"start":{"line":137,"column":6},"end":{"line":137,"column":34}},"83":{"start":{"line":138,"column":6},"end":{"line":138,"column":25}},"84":{"start":{"line":139,"column":6},"end":{"line":139,"column":37}},"85":{"start":{"line":140,"column":6},"end":{"line":140,"column":46}},"86":{"start":{"line":141,"column":6},"end":{"line":141,"column":40}},"87":{"start":{"line":142,"column":6},"end":{"line":142,"column":44}},"88":{"start":{"line":143,"column":6},"end":{"line":143,"column":42}},"89":{"start":{"line":146,"column":4},"end":{"line":146,"column":11}},"90":{"start":{"line":149,"column":0},"end":{"line":166,"column":3}},"91":{"start":{"line":150,"column":2},"end":{"line":152,"column":5}},"92":{"start":{"line":151,"column":4},"end":{"line":151,"column":46}},"93":{"start":{"line":153,"column":2},"end":{"line":165,"column":5}},"94":{"start":{"line":154,"column":4},"end":{"line":162,"column":7}},"95":{"start":{"line":155,"column":6},"end":{"line":155,"column":34}},"96":{"start":{"line":156,"column":6},"end":{"line":156,"column":25}},"97":{"start":{"line":157,"column":6},"end":{"line":157,"column":37}},"98":{"start":{"line":158,"column":6},"end":{"line":158,"column":46}},"99":{"start":{"line":159,"column":6},"end":{"line":159,"column":40}},"100":{"start":{"line":160,"column":6},"end":{"line":160,"column":44}},"101":{"start":{"line":161,"column":6},"end":{"line":161,"column":42}},"102":{"start":{"line":164,"column":4},"end":{"line":164,"column":11}}},"fnMap":{"0":{"name":"_interopRequireDefault","decl":{"start":{"line":11,"column":9},"end":{"line":11,"column":31}},"loc":{"start":{"line":11,"column":37},"end":{"line":11,"column":97}},"line":11},"1":{"name":"(anonymous_1)","decl":{"start":{"line":21,"column":31},"end":{"line":21,"column":32}},"loc":{"start":{"line":21,"column":43},"end":{"line":25,"column":1}},"line":21},"2":{"name":"(anonymous_2)","decl":{"start":{"line":22,"column":39},"end":{"line":22,"column":40}},"loc":{"start":{"line":22,"column":51},"end":{"line":24,"column":3}},"line":22},"3":{"name":"(anonymous_3)","decl":{"start":{"line":26,"column":38},"end":{"line":26,"column":39}},"loc":{"start":{"line":26,"column":50},"end":{"line":46,"column":1}},"line":26},"4":{"name":"(anonymous_4)","decl":{"start":{"line":27,"column":43},"end":{"line":27,"column":44}},"loc":{"start":{"line":27,"column":55},"end":{"line":29,"column":3}},"line":27},"5":{"name":"(anonymous_5)","decl":{"start":{"line":30,"column":49},"end":{"line":30,"column":50}},"loc":{"start":{"line":30,"column":65},"end":{"line":45,"column":3}},"line":30},"6":{"name":"(anonymous_6)","decl":{"start":{"line":34,"column":11},"end":{"line":34,"column":12}},"loc":{"start":{"line":34,"column":31},"end":{"line":42,"column":5}},"line":34},"7":{"name":"(anonymous_7)","decl":{"start":{"line":47,"column":55},"end":{"line":47,"column":56}},"loc":{"start":{"line":47,"column":67},"end":{"line":78,"column":1}},"line":47},"8":{"name":"(anonymous_8)","decl":{"start":{"line":48,"column":56},"end":{"line":48,"column":57}},"loc":{"start":{"line":48,"column":72},"end":{"line":62,"column":3}},"line":48},"9":{"name":"(anonymous_9)","decl":{"start":{"line":52,"column":11},"end":{"line":52,"column":12}},"loc":{"start":{"line":52,"column":31},"end":{"line":59,"column":5}},"line":52},"10":{"name":"(anonymous_10)","decl":{"start":{"line":63,"column":63},"end":{"line":63,"column":64}},"loc":{"start":{"line":63,"column":79},"end":{"line":77,"column":3}},"line":63},"11":{"name":"(anonymous_11)","decl":{"start":{"line":67,"column":11},"end":{"line":67,"column":12}},"loc":{"start":{"line":67,"column":31},"end":{"line":74,"column":5}},"line":67},"12":{"name":"(anonymous_12)","decl":{"start":{"line":79,"column":49},"end":{"line":79,"column":50}},"loc":{"start":{"line":79,"column":61},"end":{"line":98,"column":1}},"line":79},"13":{"name":"(anonymous_13)","decl":{"start":{"line":80,"column":45},"end":{"line":80,"column":46}},"loc":{"start":{"line":80,"column":57},"end":{"line":82,"column":3}},"line":80},"14":{"name":"(anonymous_14)","decl":{"start":{"line":83,"column":53},"end":{"line":83,"column":54}},"loc":{"start":{"line":83,"column":69},"end":{"line":97,"column":3}},"line":83},"15":{"name":"(anonymous_15)","decl":{"start":{"line":86,"column":11},"end":{"line":86,"column":12}},"loc":{"start":{"line":86,"column":31},"end":{"line":94,"column":5}},"line":86},"16":{"name":"(anonymous_16)","decl":{"start":{"line":99,"column":66},"end":{"line":99,"column":67}},"loc":{"start":{"line":99,"column":78},"end":{"line":113,"column":1}},"line":99},"17":{"name":"(anonymous_17)","decl":{"start":{"line":100,"column":50},"end":{"line":100,"column":51}},"loc":{"start":{"line":100,"column":66},"end":{"line":112,"column":3}},"line":100},"18":{"name":"(anonymous_18)","decl":{"start":{"line":102,"column":11},"end":{"line":102,"column":12}},"loc":{"start":{"line":102,"column":31},"end":{"line":109,"column":5}},"line":102},"19":{"name":"(anonymous_19)","decl":{"start":{"line":114,"column":36},"end":{"line":114,"column":37}},"loc":{"start":{"line":114,"column":48},"end":{"line":130,"column":1}},"line":114},"20":{"name":"(anonymous_20)","decl":{"start":{"line":115,"column":43},"end":{"line":115,"column":44}},"loc":{"start":{"line":115,"column":55},"end":{"line":117,"column":3}},"line":115},"21":{"name":"(anonymous_21)","decl":{"start":{"line":118,"column":58},"end":{"line":118,"column":59}},"loc":{"start":{"line":118,"column":74},"end":{"line":129,"column":3}},"line":118},"22":{"name":"(anonymous_22)","decl":{"start":{"line":119,"column":93},"end":{"line":119,"column":94}},"loc":{"start":{"line":119,"column":113},"end":{"line":126,"column":5}},"line":119},"23":{"name":"(anonymous_23)","decl":{"start":{"line":131,"column":35},"end":{"line":131,"column":36}},"loc":{"start":{"line":131,"column":47},"end":{"line":148,"column":1}},"line":131},"24":{"name":"(anonymous_24)","decl":{"start":{"line":132,"column":41},"end":{"line":132,"column":42}},"loc":{"start":{"line":132,"column":53},"end":{"line":134,"column":3}},"line":132},"25":{"name":"(anonymous_25)","decl":{"start":{"line":135,"column":68},"end":{"line":135,"column":69}},"loc":{"start":{"line":135,"column":84},"end":{"line":147,"column":3}},"line":135},"26":{"name":"(anonymous_26)","decl":{"start":{"line":136,"column":76},"end":{"line":136,"column":77}},"loc":{"start":{"line":136,"column":96},"end":{"line":144,"column":5}},"line":136},"27":{"name":"(anonymous_27)","decl":{"start":{"line":149,"column":41},"end":{"line":149,"column":42}},"loc":{"start":{"line":149,"column":53},"end":{"line":166,"column":1}},"line":149},"28":{"name":"(anonymous_28)","decl":{"start":{"line":150,"column":44},"end":{"line":150,"column":45}},"loc":{"start":{"line":150,"column":56},"end":{"line":152,"column":3}},"line":150},"29":{"name":"(anonymous_29)","decl":{"start":{"line":153,"column":65},"end":{"line":153,"column":66}},"loc":{"start":{"line":153,"column":81},"end":{"line":165,"column":3}},"line":153},"30":{"name":"(anonymous_30)","decl":{"start":{"line":154,"column":87},"end":{"line":154,"column":88}},"loc":{"start":{"line":154,"column":107},"end":{"line":162,"column":5}},"line":154}},"branchMap":{"0":{"loc":{"start":{"line":11,"column":46},"end":{"line":11,"column":94}},"type":"cond-expr","locations":[{"start":{"line":11,"column":70},"end":{"line":11,"column":73}},{"start":{"line":11,"column":76},"end":{"line":11,"column":94}}],"line":11},"1":{"loc":{"start":{"line":11,"column":46},"end":{"line":11,"column":67}},"type":"binary-expr","locations":[{"start":{"line":11,"column":46},"end":{"line":11,"column":49}},{"start":{"line":11,"column":53},"end":{"line":11,"column":67}}],"line":11}},"s":{"0":1,"1":1,"2":1,"3":1,"4":4,"5":1,"6":1,"7":1,"8":1,"9":1,"10":1,"11":1,"12":1,"13":1,"14":1,"15":1,"16":1,"17":1,"18":1,"19":1,"20":1,"21":1,"22":1,"23":1,"24":1,"25":1,"26":1,"27":1,"28":1,"29":1,"30":1,"31":1,"32":1,"33":1,"34":1,"35":1,"36":1,"37":1,"38":1,"39":1,"40":1,"41":1,"42":1,"43":1,"44":1,"45":1,"46":1,"47":1,"48":1,"49":1,"50":1,"51":1,"52":1,"53":1,"54":1,"55":1,"56":1,"57":1,"58":1,"59":1,"60":1,"61":1,"62":1,"63":1,"64":1,"65":1,"66":1,"67":1,"68":1,"69":1,"70":1,"71":1,"72":1,"73":1,"74":1,"75":1,"76":1,"77":1,"78":1,"79":1,"80":1,"81":1,"82":1,"83":1,"84":1,"85":1,"86":1,"87":1,"88":1,"89":1,"90":1,"91":1,"92":1,"93":1,"94":1,"95":1,"96":1,"97":1,"98":1,"99":1,"100":1,"101":1,"102":1},"f":{"0":4,"1":1,"2":1,"3":1,"4":1,"5":1,"6":1,"7":1,"8":1,"9":1,"10":1,"11":1,"12":1,"13":1,"14":1,"15":1,"16":1,"17":1,"18":1,"19":1,"20":1,"21":1,"22":1,"23":1,"24":1,"25":1,"26":1,"27":1,"28":1,"29":1,"30":1},"b":{"0":[2,2],"1":[4,4]},"_coverageSchema":"43e27e138ebf9cfc5966b082cf9a028302ed4184","hash":"0c19d8279aff9dea518387e16ebd8c185e1821fe","contentHash":"57d31a910b74ee3fdae82f6834598839b56bb5110667385aa9f2dab6eaa0761c"},"C:\\Users\\user\\Desktop\\meals\\banka\\dist\\index.js":{"path":"C:\\Users\\user\\Desktop\\meals\\banka\\dist\\index.js","statementMap":{"0":{"start":{"line":3,"column":0},"end":{"line":5,"column":3}},"1":{"start":{"line":6,"column":0},"end":{"line":6,"column":28}},"2":{"start":{"line":8,"column":15},"end":{"line":8,"column":57}},"3":{"start":{"line":10,"column":18},"end":{"line":10,"column":64}},"4":{"start":{"line":12,"column":12},"end":{"line":12,"column":51}},"5":{"start":{"line":14,"column":13},"end":{"line":14,"column":70}},"6":{"start":{"line":16,"column":16},"end":{"line":16,"column":76}},"7":{"start":{"line":18,"column":20},"end":{"line":18,"column":84}},"8":{"start":{"line":20,"column":39},"end":{"line":20,"column":95}},"9":{"start":{"line":22,"column":10},"end":{"line":22,"column":36}},"10":{"start":{"line":23,"column":11},"end":{"line":23,"column":35}},"11":{"start":{"line":24,"column":0},"end":{"line":24,"column":39}},"12":{"start":{"line":25,"column":0},"end":{"line":27,"column":4}},"13":{"start":{"line":28,"column":0},"end":{"line":28,"column":44}},"14":{"start":{"line":29,"column":0},"end":{"line":29,"column":50}},"15":{"start":{"line":30,"column":0},"end":{"line":30,"column":58}},"16":{"start":{"line":31,"column":0},"end":{"line":33,"column":3}},"17":{"start":{"line":32,"column":2},"end":{"line":32,"column":64}},"18":{"start":{"line":34,"column":0},"end":{"line":37,"column":3}},"19":{"start":{"line":36,"column":2},"end":{"line":36,"column":36}},"20":{"start":{"line":38,"column":15},"end":{"line":38,"column":18}},"21":{"start":{"line":39,"column":0},"end":{"line":39,"column":30}}},"fnMap":{"0":{"name":"_interopRequireDefault","decl":{"start":{"line":20,"column":9},"end":{"line":20,"column":31}},"loc":{"start":{"line":20,"column":37},"end":{"line":20,"column":97}},"line":20},"1":{"name":"(anonymous_1)","decl":{"start":{"line":31,"column":13},"end":{"line":31,"column":14}},"loc":{"start":{"line":31,"column":33},"end":{"line":33,"column":1}},"line":31},"2":{"name":"(anonymous_2)","decl":{"start":{"line":34,"column":17},"end":{"line":34,"column":18}},"loc":{"start":{"line":34,"column":29},"end":{"line":37,"column":1}},"line":34}},"branchMap":{"0":{"loc":{"start":{"line":20,"column":46},"end":{"line":20,"column":94}},"type":"cond-expr","locations":[{"start":{"line":20,"column":70},"end":{"line":20,"column":73}},{"start":{"line":20,"column":76},"end":{"line":20,"column":94}}],"line":20},"1":{"loc":{"start":{"line":20,"column":46},"end":{"line":20,"column":67}},"type":"binary-expr","locations":[{"start":{"line":20,"column":46},"end":{"line":20,"column":49}},{"start":{"line":20,"column":53},"end":{"line":20,"column":67}}],"line":20},"2":{"loc":{"start":{"line":23,"column":11},"end":{"line":23,"column":35}},"type":"binary-expr","locations":[{"start":{"line":23,"column":11},"end":{"line":23,"column":27}},{"start":{"line":23,"column":31},"end":{"line":23,"column":35}}],"line":23}},"s":{"0":1,"1":1,"2":1,"3":1,"4":1,"5":1,"6":1,"7":1,"8":6,"9":1,"10":1,"11":1,"12":1,"13":1,"14":1,"15":1,"16":1,"17":0,"18":1,"19":1,"20":1,"21":1},"f":{"0":6,"1":0,"2":1},"b":{"0":[3,3],"1":[6,6],"2":[1,1]},"_coverageSchema":"43e27e138ebf9cfc5966b082cf9a028302ed4184","hash":"181b955dc9477bb6a16e0c8d751625f1c26d6a3b","contentHash":"2d8029a2681fa43e3ec00fd717d2207c681690c83b2fb954b3b7b58407a7cea0"},"C:\\Users\\user\\Desktop\\meals\\banka\\dist\\server\\routers\\users.js":{"path":"C:\\Users\\user\\Desktop\\meals\\banka\\dist\\server\\routers\\users.js","statementMap":{"0":{"start":{"line":3,"column":0},"end":{"line":5,"column":3}},"1":{"start":{"line":6,"column":0},"end":{"line":6,"column":28}},"2":{"start":{"line":8,"column":15},"end":{"line":8,"column":57}},"3":{"start":{"line":10,"column":13},"end":{"line":10,"column":68}},"4":{"start":{"line":12,"column":39},"end":{"line":12,"column":95}},"5":{"start":{"line":14,"column":13},"end":{"line":14,"column":41}},"6":{"start":{"line":16,"column":0},"end":{"line":16,"column":49}},"7":{"start":{"line":17,"column":0},"end":{"line":17,"column":49}},"8":{"start":{"line":18,"column":15},"end":{"line":18,"column":21}},"9":{"start":{"line":19,"column":0},"end":{"line":19,"column":30}}},"fnMap":{"0":{"name":"_interopRequireDefault","decl":{"start":{"line":12,"column":9},"end":{"line":12,"column":31}},"loc":{"start":{"line":12,"column":37},"end":{"line":12,"column":97}},"line":12}},"branchMap":{"0":{"loc":{"start":{"line":12,"column":46},"end":{"line":12,"column":94}},"type":"cond-expr","locations":[{"start":{"line":12,"column":70},"end":{"line":12,"column":73}},{"start":{"line":12,"column":76},"end":{"line":12,"column":94}}],"line":12},"1":{"loc":{"start":{"line":12,"column":46},"end":{"line":12,"column":67}},"type":"binary-expr","locations":[{"start":{"line":12,"column":46},"end":{"line":12,"column":49}},{"start":{"line":12,"column":53},"end":{"line":12,"column":67}}],"line":12}},"s":{"0":1,"1":1,"2":1,"3":1,"4":2,"5":1,"6":1,"7":1,"8":1,"9":1},"f":{"0":2},"b":{"0":[1,1],"1":[2,2]},"_coverageSchema":"43e27e138ebf9cfc5966b082cf9a028302ed4184","hash":"579c5d0d0a4e342f13bdd008794c32d4b141835b","contentHash":"649e220fc11af45aaf28744a7ea452eff832d9b2515f8f279293786f8c839f20"},"C:\\Users\\user\\Desktop\\meals\\banka\\dist\\server\\controllers\\users.js":{"path":"C:\\Users\\user\\Desktop\\meals\\banka\\dist\\server\\controllers\\users.js","statementMap":{"0":{"start":{"line":3,"column":0},"end":{"line":5,"column":3}},"1":{"start":{"line":6,"column":0},"end":{"line":6,"column":28}},"2":{"start":{"line":8,"column":20},"end":{"line":8,"column":67}},"3":{"start":{"line":10,"column":13},"end":{"line":10,"column":63}},"4":{"start":{"line":12,"column":18},"end":{"line":12,"column":69}},"5":{"start":{"line":14,"column":39},"end":{"line":14,"column":95}},"6":{"start":{"line":16,"column":50},"end":{"line":16,"column":151}},"7":{"start":{"line":16,"column":92},"end":{"line":16,"column":149}},"8":{"start":{"line":18,"column":44},"end":{"line":18,"column":315}},"9":{"start":{"line":18,"column":57},"end":{"line":18,"column":58}},"10":{"start":{"line":18,"column":102},"end":{"line":18,"column":110}},"11":{"start":{"line":18,"column":112},"end":{"line":18,"column":167}},"12":{"start":{"line":18,"column":168},"end":{"line":18,"column":199}},"13":{"start":{"line":18,"column":200},"end":{"line":18,"column":254}},"14":{"start":{"line":18,"column":227},"end":{"line":18,"column":254}},"15":{"start":{"line":18,"column":255},"end":{"line":18,"column":313}},"16":{"start":{"line":20,"column":62},"end":{"line":20,"column":131}},"17":{"start":{"line":20,"column":78},"end":{"line":20,"column":131}},"18":{"start":{"line":20,"column":132},"end":{"line":20,"column":193}},"19":{"start":{"line":20,"column":149},"end":{"line":20,"column":193}},"20":{"start":{"line":20,"column":194},"end":{"line":20,"column":213}},"21":{"start":{"line":22,"column":16},"end":{"line":26,"column":1}},"22":{"start":{"line":23,"column":19},"end":{"line":23,"column":89}},"23":{"start":{"line":24,"column":22},"end":{"line":24,"column":122}},"24":{"start":{"line":25,"column":2},"end":{"line":25,"column":37}},"25":{"start":{"line":28,"column":20},"end":{"line":31,"column":1}},"26":{"start":{"line":29,"column":19},"end":{"line":29,"column":79}},"27":{"start":{"line":30,"column":2},"end":{"line":30,"column":20}},"28":{"start":{"line":33,"column":18},"end":{"line":33,"column":26}},"29":{"start":{"line":37,"column":0},"end":{"line":244,"column":3}},"30":{"start":{"line":39,"column":4},"end":{"line":39,"column":42}},"31":{"start":{"line":42,"column":2},"end":{"line":241,"column":6}},"32":{"start":{"line":46,"column":22},"end":{"line":46,"column":30}},"33":{"start":{"line":47,"column":18},"end":{"line":47,"column":33}},"34":{"start":{"line":48,"column":22},"end":{"line":48,"column":41}},"35":{"start":{"line":49,"column":21},"end":{"line":49,"column":39}},"36":{"start":{"line":50,"column":21},"end":{"line":50,"column":39}},"37":{"start":{"line":51,"column":16},"end":{"line":51,"column":29}},"38":{"start":{"line":52,"column":19},"end":{"line":52,"column":35}},"39":{"start":{"line":53,"column":17},"end":{"line":53,"column":89}},"40":{"start":{"line":59,"column":6},"end":{"line":65,"column":7}},"41":{"start":{"line":60,"column":8},"end":{"line":63,"column":11}},"42":{"start":{"line":64,"column":8},"end":{"line":64,"column":15}},"43":{"start":{"line":67,"column":6},"end":{"line":73,"column":7}},"44":{"start":{"line":68,"column":8},"end":{"line":71,"column":11}},"45":{"start":{"line":72,"column":8},"end":{"line":72,"column":15}},"46":{"start":{"line":75,"column":6},"end":{"line":81,"column":7}},"47":{"start":{"line":76,"column":8},"end":{"line":79,"column":11}},"48":{"start":{"line":80,"column":8},"end":{"line":80,"column":15}},"49":{"start":{"line":83,"column":6},"end":{"line":89,"column":7}},"50":{"start":{"line":84,"column":8},"end":{"line":87,"column":11}},"51":{"start":{"line":88,"column":8},"end":{"line":88,"column":15}},"52":{"start":{"line":91,"column":6},"end":{"line":97,"column":7}},"53":{"start":{"line":92,"column":8},"end":{"line":95,"column":11}},"54":{"start":{"line":96,"column":8},"end":{"line":96,"column":15}},"55":{"start":{"line":106,"column":6},"end":{"line":112,"column":7}},"56":{"start":{"line":107,"column":8},"end":{"line":110,"column":11}},"57":{"start":{"line":111,"column":8},"end":{"line":111,"column":15}},"58":{"start":{"line":114,"column":6},"end":{"line":120,"column":7}},"59":{"start":{"line":115,"column":8},"end":{"line":118,"column":11}},"60":{"start":{"line":119,"column":8},"end":{"line":119,"column":15}},"61":{"start":{"line":123,"column":6},"end":{"line":130,"column":7}},"62":{"start":{"line":124,"column":8},"end":{"line":124,"column":32}},"63":{"start":{"line":125,"column":8},"end":{"line":128,"column":11}},"64":{"start":{"line":129,"column":8},"end":{"line":129,"column":15}},"65":{"start":{"line":133,"column":6},"end":{"line":173,"column":7}},"66":{"start":{"line":134,"column":25},"end":{"line":136,"column":10}},"67":{"start":{"line":135,"column":10},"end":{"line":135,"column":29}},"68":{"start":{"line":139,"column":8},"end":{"line":166,"column":9}},"69":{"start":{"line":140,"column":10},"end":{"line":143,"column":13}},"70":{"start":{"line":146,"column":10},"end":{"line":146,"column":90}},"71":{"start":{"line":148,"column":22},"end":{"line":152,"column":12}},"72":{"start":{"line":154,"column":10},"end":{"line":154,"column":44}},"73":{"start":{"line":156,"column":10},"end":{"line":165,"column":13}},"74":{"start":{"line":169,"column":8},"end":{"line":172,"column":11}},"75":{"start":{"line":178,"column":23},"end":{"line":178,"column":31}},"76":{"start":{"line":179,"column":18},"end":{"line":179,"column":34}},"77":{"start":{"line":180,"column":21},"end":{"line":180,"column":40}},"78":{"start":{"line":181,"column":17},"end":{"line":184,"column":7}},"79":{"start":{"line":186,"column":6},"end":{"line":192,"column":7}},"80":{"start":{"line":187,"column":8},"end":{"line":190,"column":11}},"81":{"start":{"line":191,"column":8},"end":{"line":191,"column":15}},"82":{"start":{"line":194,"column":6},"end":{"line":200,"column":7}},"83":{"start":{"line":195,"column":8},"end":{"line":198,"column":11}},"84":{"start":{"line":199,"column":8},"end":{"line":199,"column":15}},"85":{"start":{"line":203,"column":20},"end":{"line":205,"column":8}},"86":{"start":{"line":204,"column":8},"end":{"line":204,"column":41}},"87":{"start":{"line":208,"column":6},"end":{"line":239,"column":7}},"88":{"start":{"line":209,"column":8},"end":{"line":233,"column":9}},"89":{"start":{"line":211,"column":22},"end":{"line":215,"column":12}},"90":{"start":{"line":217,"column":10},"end":{"line":227,"column":13}},"91":{"start":{"line":229,"column":10},"end":{"line":232,"column":13}},"92":{"start":{"line":235,"column":8},"end":{"line":238,"column":11}},"93":{"start":{"line":243,"column":2},"end":{"line":243,"column":24}},"94":{"start":{"line":246,"column":15},"end":{"line":246,"column":29}},"95":{"start":{"line":247,"column":0},"end":{"line":247,"column":30}}},"fnMap":{"0":{"name":"_interopRequireDefault","decl":{"start":{"line":14,"column":9},"end":{"line":14,"column":31}},"loc":{"start":{"line":14,"column":37},"end":{"line":14,"column":97}},"line":14},"1":{"name":"_classCallCheck","decl":{"start":{"line":16,"column":9},"end":{"line":16,"column":24}},"loc":{"start":{"line":16,"column":48},"end":{"line":16,"column":153}},"line":16},"2":{"name":"_defineProperties","decl":{"start":{"line":18,"column":9},"end":{"line":18,"column":26}},"loc":{"start":{"line":18,"column":42},"end":{"line":18,"column":317}},"line":18},"3":{"name":"_createClass","decl":{"start":{"line":20,"column":9},"end":{"line":20,"column":21}},"loc":{"start":{"line":20,"column":60},"end":{"line":20,"column":215}},"line":20},"4":{"name":"validUser","decl":{"start":{"line":22,"column":25},"end":{"line":22,"column":34}},"loc":{"start":{"line":22,"column":41},"end":{"line":26,"column":1}},"line":22},"5":{"name":"validateEmail","decl":{"start":{"line":28,"column":29},"end":{"line":28,"column":42}},"loc":{"start":{"line":28,"column":50},"end":{"line":31,"column":1}},"line":28},"6":{"name":"(anonymous_6)","decl":{"start":{"line":37,"column":0},"end":{"line":37,"column":1}},"loc":{"start":{"line":37,"column":12},"end":{"line":244,"column":1}},"line":37},"7":{"name":"UserController","decl":{"start":{"line":38,"column":11},"end":{"line":38,"column":25}},"loc":{"start":{"line":38,"column":28},"end":{"line":40,"column":3}},"line":38},"8":{"name":"signup","decl":{"start":{"line":44,"column":20},"end":{"line":44,"column":26}},"loc":{"start":{"line":44,"column":37},"end":{"line":174,"column":5}},"line":44},"9":{"name":"(anonymous_9)","decl":{"start":{"line":134,"column":52},"end":{"line":134,"column":53}},"loc":{"start":{"line":134,"column":69},"end":{"line":136,"column":9}},"line":134},"10":{"name":"signin","decl":{"start":{"line":177,"column":20},"end":{"line":177,"column":26}},"loc":{"start":{"line":177,"column":37},"end":{"line":240,"column":5}},"line":177},"11":{"name":"(anonymous_11)","decl":{"start":{"line":203,"column":48},"end":{"line":203,"column":49}},"loc":{"start":{"line":203,"column":64},"end":{"line":205,"column":7}},"line":203}},"branchMap":{"0":{"loc":{"start":{"line":14,"column":46},"end":{"line":14,"column":94}},"type":"cond-expr","locations":[{"start":{"line":14,"column":70},"end":{"line":14,"column":73}},{"start":{"line":14,"column":76},"end":{"line":14,"column":94}}],"line":14},"1":{"loc":{"start":{"line":14,"column":46},"end":{"line":14,"column":67}},"type":"binary-expr","locations":[{"start":{"line":14,"column":46},"end":{"line":14,"column":49}},{"start":{"line":14,"column":53},"end":{"line":14,"column":67}}],"line":14},"2":{"loc":{"start":{"line":16,"column":50},"end":{"line":16,"column":151}},"type":"if","locations":[{"start":{"line":16,"column":50},"end":{"line":16,"column":151}},{"start":{"line":16,"column":50},"end":{"line":16,"column":151}}],"line":16},"3":{"loc":{"start":{"line":18,"column":136},"end":{"line":18,"column":166}},"type":"binary-expr","locations":[{"start":{"line":18,"column":136},"end":{"line":18,"column":157}},{"start":{"line":18,"column":161},"end":{"line":18,"column":166}}],"line":18},"4":{"loc":{"start":{"line":18,"column":200},"end":{"line":18,"column":254}},"type":"if","locations":[{"start":{"line":18,"column":200},"end":{"line":18,"column":254}},{"start":{"line":18,"column":200},"end":{"line":18,"column":254}}],"line":18},"5":{"loc":{"start":{"line":20,"column":62},"end":{"line":20,"column":131}},"type":"if","locations":[{"start":{"line":20,"column":62},"end":{"line":20,"column":131}},{"start":{"line":20,"column":62},"end":{"line":20,"column":131}}],"line":20},"6":{"loc":{"start":{"line":20,"column":132},"end":{"line":20,"column":193}},"type":"if","locations":[{"start":{"line":20,"column":132},"end":{"line":20,"column":193}},{"start":{"line":20,"column":132},"end":{"line":20,"column":193}}],"line":20},"7":{"loc":{"start":{"line":23,"column":19},"end":{"line":23,"column":89}},"type":"binary-expr","locations":[{"start":{"line":23,"column":19},"end":{"line":23,"column":61}},{"start":{"line":23,"column":65},"end":{"line":23,"column":89}}],"line":23},"8":{"loc":{"start":{"line":24,"column":22},"end":{"line":24,"column":122}},"type":"binary-expr","locations":[{"start":{"line":24,"column":22},"end":{"line":24,"column":55}},{"start":{"line":24,"column":59},"end":{"line":24,"column":86}},{"start":{"line":24,"column":90},"end":{"line":24,"column":122}}],"line":24},"9":{"loc":{"start":{"line":25,"column":9},"end":{"line":25,"column":36}},"type":"binary-expr","locations":[{"start":{"line":25,"column":9},"end":{"line":25,"column":19}},{"start":{"line":25,"column":23},"end":{"line":25,"column":36}}],"line":25},"10":{"loc":{"start":{"line":29,"column":19},"end":{"line":29,"column":79}},"type":"binary-expr","locations":[{"start":{"line":29,"column":19},"end":{"line":29,"column":56}},{"start":{"line":29,"column":60},"end":{"line":29,"column":79}}],"line":29},"11":{"loc":{"start":{"line":59,"column":6},"end":{"line":65,"column":7}},"type":"if","locations":[{"start":{"line":59,"column":6},"end":{"line":65,"column":7}},{"start":{"line":59,"column":6},"end":{"line":65,"column":7}}],"line":59},"12":{"loc":{"start":{"line":59,"column":10},"end":{"line":59,"column":70}},"type":"binary-expr","locations":[{"start":{"line":59,"column":10},"end":{"line":59,"column":38}},{"start":{"line":59,"column":42},"end":{"line":59,"column":70}}],"line":59},"13":{"loc":{"start":{"line":67,"column":6},"end":{"line":73,"column":7}},"type":"if","locations":[{"start":{"line":67,"column":6},"end":{"line":73,"column":7}},{"start":{"line":67,"column":6},"end":{"line":73,"column":7}}],"line":67},"14":{"loc":{"start":{"line":67,"column":10},"end":{"line":67,"column":68}},"type":"binary-expr","locations":[{"start":{"line":67,"column":10},"end":{"line":67,"column":37}},{"start":{"line":67,"column":41},"end":{"line":67,"column":68}}],"line":67},"15":{"loc":{"start":{"line":75,"column":6},"end":{"line":81,"column":7}},"type":"if","locations":[{"start":{"line":75,"column":6},"end":{"line":81,"column":7}},{"start":{"line":75,"column":6},"end":{"line":81,"column":7}}],"line":75},"16":{"loc":{"start":{"line":75,"column":10},"end":{"line":75,"column":55}},"type":"binary-expr","locations":[{"start":{"line":75,"column":10},"end":{"line":75,"column":34}},{"start":{"line":75,"column":38},"end":{"line":75,"column":55}}],"line":75},"17":{"loc":{"start":{"line":83,"column":6},"end":{"line":89,"column":7}},"type":"if","locations":[{"start":{"line":83,"column":6},"end":{"line":89,"column":7}},{"start":{"line":83,"column":6},"end":{"line":89,"column":7}}],"line":83},"18":{"loc":{"start":{"line":83,"column":10},"end":{"line":83,"column":61}},"type":"binary-expr","locations":[{"start":{"line":83,"column":10},"end":{"line":83,"column":37}},{"start":{"line":83,"column":41},"end":{"line":83,"column":61}}],"line":83},"19":{"loc":{"start":{"line":91,"column":6},"end":{"line":97,"column":7}},"type":"if","locations":[{"start":{"line":91,"column":6},"end":{"line":97,"column":7}},{"start":{"line":91,"column":6},"end":{"line":97,"column":7}}],"line":91},"20":{"loc":{"start":{"line":91,"column":10},"end":{"line":91,"column":51}},"type":"binary-expr","locations":[{"start":{"line":91,"column":10},"end":{"line":91,"column":32}},{"start":{"line":91,"column":36},"end":{"line":91,"column":51}}],"line":91},"21":{"loc":{"start":{"line":106,"column":6},"end":{"line":112,"column":7}},"type":"if","locations":[{"start":{"line":106,"column":6},"end":{"line":112,"column":7}},{"start":{"line":106,"column":6},"end":{"line":112,"column":7}}],"line":106},"22":{"loc":{"start":{"line":106,"column":10},"end":{"line":106,"column":57}},"type":"binary-expr","locations":[{"start":{"line":106,"column":10},"end":{"line":106,"column":35}},{"start":{"line":106,"column":39},"end":{"line":106,"column":57}}],"line":106},"23":{"loc":{"start":{"line":114,"column":6},"end":{"line":120,"column":7}},"type":"if","locations":[{"start":{"line":114,"column":6},"end":{"line":120,"column":7}},{"start":{"line":114,"column":6},"end":{"line":120,"column":7}}],"line":114},"24":{"loc":{"start":{"line":123,"column":6},"end":{"line":130,"column":7}},"type":"if","locations":[{"start":{"line":123,"column":6},"end":{"line":130,"column":7}},{"start":{"line":123,"column":6},"end":{"line":130,"column":7}}],"line":123},"25":{"loc":{"start":{"line":133,"column":6},"end":{"line":173,"column":7}},"type":"if","locations":[{"start":{"line":133,"column":6},"end":{"line":173,"column":7}},{"start":{"line":133,"column":6},"end":{"line":173,"column":7}}],"line":133},"26":{"loc":{"start":{"line":139,"column":8},"end":{"line":166,"column":9}},"type":"if","locations":[{"start":{"line":139,"column":8},"end":{"line":166,"column":9}},{"start":{"line":139,"column":8},"end":{"line":166,"column":9}}],"line":139},"27":{"loc":{"start":{"line":146,"column":20},"end":{"line":146,"column":89}},"type":"cond-expr","locations":[{"start":{"line":146,"column":52},"end":{"line":146,"column":85}},{"start":{"line":146,"column":88},"end":{"line":146,"column":89}}],"line":146},"28":{"loc":{"start":{"line":186,"column":6},"end":{"line":192,"column":7}},"type":"if","locations":[{"start":{"line":186,"column":6},"end":{"line":192,"column":7}},{"start":{"line":186,"column":6},"end":{"line":192,"column":7}}],"line":186},"29":{"loc":{"start":{"line":186,"column":10},"end":{"line":186,"column":55}},"type":"binary-expr","locations":[{"start":{"line":186,"column":10},"end":{"line":186,"column":34}},{"start":{"line":186,"column":38},"end":{"line":186,"column":55}}],"line":186},"30":{"loc":{"start":{"line":194,"column":6},"end":{"line":200,"column":7}},"type":"if","locations":[{"start":{"line":194,"column":6},"end":{"line":200,"column":7}},{"start":{"line":194,"column":6},"end":{"line":200,"column":7}}],"line":194},"31":{"loc":{"start":{"line":194,"column":10},"end":{"line":194,"column":61}},"type":"binary-expr","locations":[{"start":{"line":194,"column":10},"end":{"line":194,"column":37}},{"start":{"line":194,"column":41},"end":{"line":194,"column":61}}],"line":194},"32":{"loc":{"start":{"line":208,"column":6},"end":{"line":239,"column":7}},"type":"if","locations":[{"start":{"line":208,"column":6},"end":{"line":239,"column":7}},{"start":{"line":208,"column":6},"end":{"line":239,"column":7}}],"line":208},"33":{"loc":{"start":{"line":209,"column":8},"end":{"line":233,"column":9}},"type":"if","locations":[{"start":{"line":209,"column":8},"end":{"line":233,"column":9}},{"start":{"line":209,"column":8},"end":{"line":233,"column":9}}],"line":209}},"s":{"0":1,"1":1,"2":1,"3":1,"4":1,"5":3,"6":0,"7":0,"8":1,"9":1,"10":2,"11":2,"12":2,"13":2,"14":2,"15":2,"16":1,"17":0,"18":1,"19":1,"20":1,"21":1,"22":2,"23":2,"24":2,"25":1,"26":2,"27":2,"28":1,"29":1,"30":0,"31":1,"32":9,"33":9,"34":9,"35":9,"36":9,"37":9,"38":9,"39":9,"40":9,"41":1,"42":1,"43":8,"44":1,"45":1,"46":7,"47":1,"48":1,"49":6,"50":1,"51":1,"52":5,"53":1,"54":1,"55":4,"56":1,"57":1,"58":3,"59":1,"60":1,"61":2,"62":0,"63":0,"64":0,"65":2,"66":2,"67":3,"68":2,"69":1,"70":1,"71":1,"72":1,"73":1,"74":0,"75":5,"76":5,"77":5,"78":5,"79":5,"80":1,"81":1,"82":4,"83":1,"84":1,"85":3,"86":4,"87":3,"88":2,"89":1,"90":1,"91":1,"92":1,"93":1,"94":1,"95":1},"f":{"0":3,"1":0,"2":1,"3":1,"4":2,"5":2,"6":1,"7":0,"8":9,"9":3,"10":5,"11":4},"b":{"0":[2,1],"1":[3,3],"2":[0,0],"3":[2,2],"4":[2,0],"5":[0,1],"6":[1,0],"7":[2,2],"8":[2,2,2],"9":[2,2],"10":[2,2],"11":[1,8],"12":[9,8],"13":[1,7],"14":[8,7],"15":[1,6],"16":[7,6],"17":[1,5],"18":[6,5],"19":[1,4],"20":[5,4],"21":[1,3],"22":[4,3],"23":[1,2],"24":[0,2],"25":[2,0],"26":[1,1],"27":[1,0],"28":[1,4],"29":[5,4],"30":[1,3],"31":[4,3],"32":[2,1],"33":[1,1]},"_coverageSchema":"43e27e138ebf9cfc5966b082cf9a028302ed4184","hash":"6b1da48363d0a36de11a0f95c89631d7dc16ebb7","contentHash":"cdfd21d2b8ae961731ef18abedb3f4a35543cbe396672bfd9058b7260b27245b"},"C:\\Users\\user\\Desktop\\meals\\banka\\dist\\server\\models\\users.js":{"path":"C:\\Users\\user\\Desktop\\meals\\banka\\dist\\server\\models\\users.js","statementMap":{"0":{"start":{"line":3,"column":0},"end":{"line":5,"column":3}},"1":{"start":{"line":6,"column":0},"end":{"line":6,"column":28}},"2":{"start":{"line":8,"column":50},"end":{"line":8,"column":151}},"3":{"start":{"line":8,"column":92},"end":{"line":8,"column":149}},"4":{"start":{"line":10,"column":11},"end":{"line":27,"column":1}},"5":{"start":{"line":11,"column":13},"end":{"line":11,"column":89}},"6":{"start":{"line":12,"column":16},"end":{"line":12,"column":89}},"7":{"start":{"line":13,"column":15},"end":{"line":13,"column":91}},"8":{"start":{"line":15,"column":2},"end":{"line":15,"column":30}},"9":{"start":{"line":17,"column":2},"end":{"line":17,"column":21}},"10":{"start":{"line":18,"column":2},"end":{"line":18,"column":21}},"11":{"start":{"line":19,"column":2},"end":{"line":19,"column":29}},"12":{"start":{"line":20,"column":2},"end":{"line":20,"column":27}},"13":{"start":{"line":21,"column":2},"end":{"line":21,"column":27}},"14":{"start":{"line":22,"column":2},"end":{"line":22,"column":19}},"15":{"start":{"line":23,"column":2},"end":{"line":23,"column":25}},"16":{"start":{"line":24,"column":2},"end":{"line":24,"column":17}},"17":{"start":{"line":25,"column":2},"end":{"line":25,"column":23}},"18":{"start":{"line":26,"column":2},"end":{"line":26,"column":23}},"19":{"start":{"line":29,"column":15},"end":{"line":29,"column":19}},"20":{"start":{"line":30,"column":0},"end":{"line":30,"column":30}}},"fnMap":{"0":{"name":"_classCallCheck","decl":{"start":{"line":8,"column":9},"end":{"line":8,"column":24}},"loc":{"start":{"line":8,"column":48},"end":{"line":8,"column":153}},"line":8},"1":{"name":"User","decl":{"start":{"line":10,"column":20},"end":{"line":10,"column":24}},"loc":{"start":{"line":10,"column":76},"end":{"line":27,"column":1}},"line":10}},"branchMap":{"0":{"loc":{"start":{"line":8,"column":50},"end":{"line":8,"column":151}},"type":"if","locations":[{"start":{"line":8,"column":50},"end":{"line":8,"column":151}},{"start":{"line":8,"column":50},"end":{"line":8,"column":151}}],"line":8},"1":{"loc":{"start":{"line":11,"column":13},"end":{"line":11,"column":89}},"type":"cond-expr","locations":[{"start":{"line":11,"column":66},"end":{"line":11,"column":78}},{"start":{"line":11,"column":81},"end":{"line":11,"column":89}}],"line":11},"2":{"loc":{"start":{"line":11,"column":13},"end":{"line":11,"column":63}},"type":"binary-expr","locations":[{"start":{"line":11,"column":13},"end":{"line":11,"column":33}},{"start":{"line":11,"column":37},"end":{"line":11,"column":63}}],"line":11},"3":{"loc":{"start":{"line":12,"column":16},"end":{"line":12,"column":89}},"type":"cond-expr","locations":[{"start":{"line":12,"column":69},"end":{"line":12,"column":81}},{"start":{"line":12,"column":84},"end":{"line":12,"column":89}}],"line":12},"4":{"loc":{"start":{"line":12,"column":16},"end":{"line":12,"column":66}},"type":"binary-expr","locations":[{"start":{"line":12,"column":16},"end":{"line":12,"column":36}},{"start":{"line":12,"column":40},"end":{"line":12,"column":66}}],"line":12},"5":{"loc":{"start":{"line":13,"column":15},"end":{"line":13,"column":91}},"type":"cond-expr","locations":[{"start":{"line":13,"column":68},"end":{"line":13,"column":80}},{"start":{"line":13,"column":83},"end":{"line":13,"column":91}}],"line":13},"6":{"loc":{"start":{"line":13,"column":15},"end":{"line":13,"column":65}},"type":"binary-expr","locations":[{"start":{"line":13,"column":15},"end":{"line":13,"column":35}},{"start":{"line":13,"column":39},"end":{"line":13,"column":65}}],"line":13}},"s":{"0":1,"1":1,"2":9,"3":0,"4":1,"5":9,"6":9,"7":9,"8":9,"9":9,"10":9,"11":9,"12":9,"13":9,"14":9,"15":9,"16":9,"17":9,"18":9,"19":1,"20":1},"f":{"0":9,"1":9},"b":{"0":[0,9],"1":[0,9],"2":[9,0],"3":[0,9],"4":[9,0],"5":[0,9],"6":[9,0]},"_coverageSchema":"43e27e138ebf9cfc5966b082cf9a028302ed4184","hash":"19f838a92adccfde8bd5ee68c86099c1a7671b98","contentHash":"da4f8fb0d9dfe9ecea114b3d396422afd83da80a4bd64cad4ad520a5144f9b90"},"C:\\Users\\user\\Desktop\\meals\\banka\\dist\\server\\db\\userRecord.js":{"path":"C:\\Users\\user\\Desktop\\meals\\banka\\dist\\server\\db\\userRecord.js","statementMap":{"0":{"start":{"line":3,"column":0},"end":{"line":5,"column":3}},"1":{"start":{"line":6,"column":0},"end":{"line":6,"column":28}},"2":{"start":{"line":7,"column":17},"end":{"line":18,"column":2}},"3":{"start":{"line":19,"column":15},"end":{"line":19,"column":25}},"4":{"start":{"line":20,"column":0},"end":{"line":20,"column":30}}},"fnMap":{},"branchMap":{},"s":{"0":1,"1":1,"2":1,"3":1,"4":1},"f":{},"b":{},"_coverageSchema":"43e27e138ebf9cfc5966b082cf9a028302ed4184","hash":"f299a24bd1c3fec3ac8ff216bdc9f8f65f31548d","contentHash":"84be1e82dc882dfe20d4387dc1df633ced3721416211b14d9a06cf9cf9fa011a"},"C:\\Users\\user\\Desktop\\meals\\banka\\dist\\server\\routers\\accounts.js":{"path":"C:\\Users\\user\\Desktop\\meals\\banka\\dist\\server\\routers\\accounts.js","statementMap":{"0":{"start":{"line":3,"column":0},"end":{"line":5,"column":3}},"1":{"start":{"line":6,"column":0},"end":{"line":6,"column":28}},"2":{"start":{"line":8,"column":15},"end":{"line":8,"column":57}},"3":{"start":{"line":10,"column":16},"end":{"line":10,"column":74}},"4":{"start":{"line":12,"column":39},"end":{"line":12,"column":95}},"5":{"start":{"line":14,"column":13},"end":{"line":14,"column":41}},"6":{"start":{"line":16,"column":0},"end":{"line":16,"column":46}},"7":{"start":{"line":17,"column":0},"end":{"line":17,"column":63}},"8":{"start":{"line":18,"column":0},"end":{"line":18,"column":68}},"9":{"start":{"line":19,"column":0},"end":{"line":19,"column":43}},"10":{"start":{"line":20,"column":0},"end":{"line":20,"column":60}},"11":{"start":{"line":21,"column":15},"end":{"line":21,"column":21}},"12":{"start":{"line":22,"column":0},"end":{"line":22,"column":30}}},"fnMap":{"0":{"name":"_interopRequireDefault","decl":{"start":{"line":12,"column":9},"end":{"line":12,"column":31}},"loc":{"start":{"line":12,"column":37},"end":{"line":12,"column":97}},"line":12}},"branchMap":{"0":{"loc":{"start":{"line":12,"column":46},"end":{"line":12,"column":94}},"type":"cond-expr","locations":[{"start":{"line":12,"column":70},"end":{"line":12,"column":73}},{"start":{"line":12,"column":76},"end":{"line":12,"column":94}}],"line":12},"1":{"loc":{"start":{"line":12,"column":46},"end":{"line":12,"column":67}},"type":"binary-expr","locations":[{"start":{"line":12,"column":46},"end":{"line":12,"column":49}},{"start":{"line":12,"column":53},"end":{"line":12,"column":67}}],"line":12}},"s":{"0":1,"1":1,"2":1,"3":1,"4":2,"5":1,"6":1,"7":1,"8":1,"9":1,"10":1,"11":1,"12":1},"f":{"0":2},"b":{"0":[1,1],"1":[2,2]},"_coverageSchema":"43e27e138ebf9cfc5966b082cf9a028302ed4184","hash":"a8dd319f69011892c7170a04a7998f9d316d58c8","contentHash":"035d57df1eca47fb5365a05403244f9eef2646ed08ff8747fc70651a0b3dea34"},"C:\\Users\\user\\Desktop\\meals\\banka\\dist\\server\\controllers\\accounts.js":{"path":"C:\\Users\\user\\Desktop\\meals\\banka\\dist\\server\\controllers\\accounts.js","statementMap":{"0":{"start":{"line":3,"column":0},"end":{"line":5,"column":3}},"1":{"start":{"line":6,"column":0},"end":{"line":6,"column":28}},"2":{"start":{"line":8,"column":16},"end":{"line":8,"column":69}},"3":{"start":{"line":10,"column":18},"end":{"line":10,"column":69}},"4":{"start":{"line":12,"column":21},"end":{"line":12,"column":75}},"5":{"start":{"line":14,"column":39},"end":{"line":14,"column":95}},"6":{"start":{"line":16,"column":35},"end":{"line":16,"column":115}},"7":{"start":{"line":18,"column":32},"end":{"line":18,"column":103}},"8":{"start":{"line":20,"column":34},"end":{"line":20,"column":160}},"9":{"start":{"line":20,"column":136},"end":{"line":20,"column":160}},"10":{"start":{"line":22,"column":35},"end":{"line":22,"column":164}},"11":{"start":{"line":22,"column":61},"end":{"line":22,"column":149}},"12":{"start":{"line":22,"column":74},"end":{"line":22,"column":75}},"13":{"start":{"line":22,"column":84},"end":{"line":22,"column":105}},"14":{"start":{"line":22,"column":130},"end":{"line":22,"column":147}},"15":{"start":{"line":22,"column":150},"end":{"line":22,"column":162}},"16":{"start":{"line":24,"column":50},"end":{"line":24,"column":151}},"17":{"start":{"line":24,"column":92},"end":{"line":24,"column":149}},"18":{"start":{"line":26,"column":44},"end":{"line":26,"column":315}},"19":{"start":{"line":26,"column":57},"end":{"line":26,"column":58}},"20":{"start":{"line":26,"column":102},"end":{"line":26,"column":110}},"21":{"start":{"line":26,"column":112},"end":{"line":26,"column":167}},"22":{"start":{"line":26,"column":168},"end":{"line":26,"column":199}},"23":{"start":{"line":26,"column":200},"end":{"line":26,"column":254}},"24":{"start":{"line":26,"column":227},"end":{"line":26,"column":254}},"25":{"start":{"line":26,"column":255},"end":{"line":26,"column":313}},"26":{"start":{"line":28,"column":62},"end":{"line":28,"column":131}},"27":{"start":{"line":28,"column":78},"end":{"line":28,"column":131}},"28":{"start":{"line":28,"column":132},"end":{"line":28,"column":193}},"29":{"start":{"line":28,"column":149},"end":{"line":28,"column":193}},"30":{"start":{"line":28,"column":194},"end":{"line":28,"column":213}},"31":{"start":{"line":32,"column":0},"end":{"line":221,"column":3}},"32":{"start":{"line":34,"column":4},"end":{"line":34,"column":45}},"33":{"start":{"line":37,"column":2},"end":{"line":218,"column":6}},"34":{"start":{"line":40,"column":22},"end":{"line":40,"column":30}},"35":{"start":{"line":41,"column":18},"end":{"line":41,"column":33}},"36":{"start":{"line":42,"column":17},"end":{"line":42,"column":31}},"37":{"start":{"line":43,"column":20},"end":{"line":43,"column":57}},"38":{"start":{"line":44,"column":6},"end":{"line":44,"column":33}},"39":{"start":{"line":45,"column":6},"end":{"line":45,"column":32}},"40":{"start":{"line":47,"column":6},"end":{"line":53,"column":7}},"41":{"start":{"line":48,"column":8},"end":{"line":51,"column":11}},"42":{"start":{"line":52,"column":8},"end":{"line":52,"column":15}},"43":{"start":{"line":55,"column":6},"end":{"line":61,"column":7}},"44":{"start":{"line":56,"column":8},"end":{"line":59,"column":11}},"45":{"start":{"line":60,"column":8},"end":{"line":60,"column":15}},"46":{"start":{"line":70,"column":25},"end":{"line":72,"column":8}},"47":{"start":{"line":71,"column":8},"end":{"line":71,"column":55}},"48":{"start":{"line":74,"column":6},"end":{"line":79,"column":7}},"49":{"start":{"line":75,"column":8},"end":{"line":78,"column":11}},"50":{"start":{"line":81,"column":6},"end":{"line":81,"column":95}},"51":{"start":{"line":83,"column":25},"end":{"line":85,"column":8}},"52":{"start":{"line":84,"column":8},"end":{"line":84,"column":48}},"53":{"start":{"line":87,"column":29},"end":{"line":87,"column":83}},"54":{"start":{"line":88,"column":6},"end":{"line":88,"column":28}},"55":{"start":{"line":89,"column":6},"end":{"line":89,"column":47}},"56":{"start":{"line":91,"column":6},"end":{"line":91,"column":46}},"57":{"start":{"line":93,"column":6},"end":{"line":103,"column":9}},"58":{"start":{"line":108,"column":26},"end":{"line":108,"column":41}},"59":{"start":{"line":109,"column":26},"end":{"line":109,"column":50}},"60":{"start":{"line":110,"column":6},"end":{"line":110,"column":50}},"61":{"start":{"line":111,"column":6},"end":{"line":111,"column":33}},"62":{"start":{"line":113,"column":6},"end":{"line":119,"column":7}},"63":{"start":{"line":114,"column":8},"end":{"line":117,"column":11}},"64":{"start":{"line":118,"column":8},"end":{"line":118,"column":15}},"65":{"start":{"line":129,"column":25},"end":{"line":131,"column":8}},"66":{"start":{"line":130,"column":8},"end":{"line":130,"column":52}},"67":{"start":{"line":133,"column":6},"end":{"line":148,"column":7}},"68":{"start":{"line":134,"column":8},"end":{"line":137,"column":11}},"69":{"start":{"line":140,"column":8},"end":{"line":140,"column":106}},"70":{"start":{"line":141,"column":8},"end":{"line":147,"column":11}},"71":{"start":{"line":153,"column":26},"end":{"line":153,"column":50}},"72":{"start":{"line":154,"column":6},"end":{"line":154,"column":50}},"73":{"start":{"line":156,"column":25},"end":{"line":158,"column":8}},"74":{"start":{"line":157,"column":8},"end":{"line":157,"column":52}},"75":{"start":{"line":160,"column":6},"end":{"line":172,"column":7}},"76":{"start":{"line":161,"column":8},"end":{"line":164,"column":11}},"77":{"start":{"line":166,"column":8},"end":{"line":166,"column":58}},"78":{"start":{"line":168,"column":8},"end":{"line":171,"column":11}},"79":{"start":{"line":177,"column":24},"end":{"line":177,"column":69}},"80":{"start":{"line":179,"column":6},"end":{"line":191,"column":7}},"81":{"start":{"line":180,"column":8},"end":{"line":183,"column":11}},"82":{"start":{"line":185,"column":8},"end":{"line":190,"column":11}},"83":{"start":{"line":196,"column":26},"end":{"line":196,"column":50}},"84":{"start":{"line":198,"column":24},"end":{"line":198,"column":69}},"85":{"start":{"line":200,"column":20},"end":{"line":202,"column":8}},"86":{"start":{"line":201,"column":8},"end":{"line":201,"column":60}},"87":{"start":{"line":204,"column":6},"end":{"line":216,"column":7}},"88":{"start":{"line":205,"column":8},"end":{"line":208,"column":11}},"89":{"start":{"line":210,"column":8},"end":{"line":215,"column":11}},"90":{"start":{"line":220,"column":2},"end":{"line":220,"column":27}},"91":{"start":{"line":223,"column":15},"end":{"line":223,"column":32}},"92":{"start":{"line":224,"column":0},"end":{"line":224,"column":30}}},"fnMap":{"0":{"name":"_interopRequireDefault","decl":{"start":{"line":14,"column":9},"end":{"line":14,"column":31}},"loc":{"start":{"line":14,"column":37},"end":{"line":14,"column":97}},"line":14},"1":{"name":"_toConsumableArray","decl":{"start":{"line":16,"column":9},"end":{"line":16,"column":27}},"loc":{"start":{"line":16,"column":33},"end":{"line":16,"column":117}},"line":16},"2":{"name":"_nonIterableSpread","decl":{"start":{"line":18,"column":9},"end":{"line":18,"column":27}},"loc":{"start":{"line":18,"column":30},"end":{"line":18,"column":105}},"line":18},"3":{"name":"_iterableToArray","decl":{"start":{"line":20,"column":9},"end":{"line":20,"column":25}},"loc":{"start":{"line":20,"column":32},"end":{"line":20,"column":162}},"line":20},"4":{"name":"_arrayWithoutHoles","decl":{"start":{"line":22,"column":9},"end":{"line":22,"column":27}},"loc":{"start":{"line":22,"column":33},"end":{"line":22,"column":166}},"line":22},"5":{"name":"_classCallCheck","decl":{"start":{"line":24,"column":9},"end":{"line":24,"column":24}},"loc":{"start":{"line":24,"column":48},"end":{"line":24,"column":153}},"line":24},"6":{"name":"_defineProperties","decl":{"start":{"line":26,"column":9},"end":{"line":26,"column":26}},"loc":{"start":{"line":26,"column":42},"end":{"line":26,"column":317}},"line":26},"7":{"name":"_createClass","decl":{"start":{"line":28,"column":9},"end":{"line":28,"column":21}},"loc":{"start":{"line":28,"column":60},"end":{"line":28,"column":215}},"line":28},"8":{"name":"(anonymous_8)","decl":{"start":{"line":32,"column":0},"end":{"line":32,"column":1}},"loc":{"start":{"line":32,"column":12},"end":{"line":221,"column":1}},"line":32},"9":{"name":"AccountController","decl":{"start":{"line":33,"column":11},"end":{"line":33,"column":28}},"loc":{"start":{"line":33,"column":31},"end":{"line":35,"column":3}},"line":33},"10":{"name":"create","decl":{"start":{"line":39,"column":20},"end":{"line":39,"column":26}},"loc":{"start":{"line":39,"column":37},"end":{"line":104,"column":5}},"line":39},"11":{"name":"(anonymous_11)","decl":{"start":{"line":70,"column":53},"end":{"line":70,"column":54}},"loc":{"start":{"line":70,"column":69},"end":{"line":72,"column":7}},"line":70},"12":{"name":"(anonymous_12)","decl":{"start":{"line":83,"column":55},"end":{"line":83,"column":56}},"loc":{"start":{"line":83,"column":71},"end":{"line":85,"column":7}},"line":83},"13":{"name":"activate","decl":{"start":{"line":107,"column":20},"end":{"line":107,"column":28}},"loc":{"start":{"line":107,"column":39},"end":{"line":149,"column":5}},"line":107},"14":{"name":"(anonymous_14)","decl":{"start":{"line":129,"column":56},"end":{"line":129,"column":57}},"loc":{"start":{"line":129,"column":72},"end":{"line":131,"column":7}},"line":129},"15":{"name":"_delete","decl":{"start":{"line":152,"column":20},"end":{"line":152,"column":27}},"loc":{"start":{"line":152,"column":38},"end":{"line":173,"column":5}},"line":152},"16":{"name":"(anonymous_16)","decl":{"start":{"line":156,"column":56},"end":{"line":156,"column":57}},"loc":{"start":{"line":156,"column":72},"end":{"line":158,"column":7}},"line":156},"17":{"name":"list","decl":{"start":{"line":176,"column":20},"end":{"line":176,"column":24}},"loc":{"start":{"line":176,"column":35},"end":{"line":192,"column":5}},"line":176},"18":{"name":"listOne","decl":{"start":{"line":195,"column":20},"end":{"line":195,"column":27}},"loc":{"start":{"line":195,"column":38},"end":{"line":217,"column":5}},"line":195},"19":{"name":"(anonymous_19)","decl":{"start":{"line":200,"column":37},"end":{"line":200,"column":38}},"loc":{"start":{"line":200,"column":53},"end":{"line":202,"column":7}},"line":200}},"branchMap":{"0":{"loc":{"start":{"line":14,"column":46},"end":{"line":14,"column":94}},"type":"cond-expr","locations":[{"start":{"line":14,"column":70},"end":{"line":14,"column":73}},{"start":{"line":14,"column":76},"end":{"line":14,"column":94}}],"line":14},"1":{"loc":{"start":{"line":14,"column":46},"end":{"line":14,"column":67}},"type":"binary-expr","locations":[{"start":{"line":14,"column":46},"end":{"line":14,"column":49}},{"start":{"line":14,"column":53},"end":{"line":14,"column":67}}],"line":14},"2":{"loc":{"start":{"line":16,"column":42},"end":{"line":16,"column":114}},"type":"binary-expr","locations":[{"start":{"line":16,"column":42},"end":{"line":16,"column":65}},{"start":{"line":16,"column":69},"end":{"line":16,"column":90}},{"start":{"line":16,"column":94},"end":{"line":16,"column":114}}],"line":16},"3":{"loc":{"start":{"line":20,"column":34},"end":{"line":20,"column":160}},"type":"if","locations":[{"start":{"line":20,"column":34},"end":{"line":20,"column":160}},{"start":{"line":20,"column":34},"end":{"line":20,"column":160}}],"line":20},"4":{"loc":{"start":{"line":20,"column":38},"end":{"line":20,"column":134}},"type":"binary-expr","locations":[{"start":{"line":20,"column":38},"end":{"line":20,"column":69}},{"start":{"line":20,"column":73},"end":{"line":20,"column":134}}],"line":20},"5":{"loc":{"start":{"line":22,"column":35},"end":{"line":22,"column":164}},"type":"if","locations":[{"start":{"line":22,"column":35},"end":{"line":22,"column":164}},{"start":{"line":22,"column":35},"end":{"line":22,"column":164}}],"line":22},"6":{"loc":{"start":{"line":24,"column":50},"end":{"line":24,"column":151}},"type":"if","locations":[{"start":{"line":24,"column":50},"end":{"line":24,"column":151}},{"start":{"line":24,"column":50},"end":{"line":24,"column":151}}],"line":24},"7":{"loc":{"start":{"line":26,"column":136},"end":{"line":26,"column":166}},"type":"binary-expr","locations":[{"start":{"line":26,"column":136},"end":{"line":26,"column":157}},{"start":{"line":26,"column":161},"end":{"line":26,"column":166}}],"line":26},"8":{"loc":{"start":{"line":26,"column":200},"end":{"line":26,"column":254}},"type":"if","locations":[{"start":{"line":26,"column":200},"end":{"line":26,"column":254}},{"start":{"line":26,"column":200},"end":{"line":26,"column":254}}],"line":26},"9":{"loc":{"start":{"line":28,"column":62},"end":{"line":28,"column":131}},"type":"if","locations":[{"start":{"line":28,"column":62},"end":{"line":28,"column":131}},{"start":{"line":28,"column":62},"end":{"line":28,"column":131}}],"line":28},"10":{"loc":{"start":{"line":28,"column":132},"end":{"line":28,"column":193}},"type":"if","locations":[{"start":{"line":28,"column":132},"end":{"line":28,"column":193}},{"start":{"line":28,"column":132},"end":{"line":28,"column":193}}],"line":28},"11":{"loc":{"start":{"line":47,"column":6},"end":{"line":53,"column":7}},"type":"if","locations":[{"start":{"line":47,"column":6},"end":{"line":53,"column":7}},{"start":{"line":47,"column":6},"end":{"line":53,"column":7}}],"line":47},"12":{"loc":{"start":{"line":47,"column":10},"end":{"line":47,"column":61}},"type":"binary-expr","locations":[{"start":{"line":47,"column":10},"end":{"line":47,"column":37}},{"start":{"line":47,"column":41},"end":{"line":47,"column":61}}],"line":47},"13":{"loc":{"start":{"line":55,"column":6},"end":{"line":61,"column":7}},"type":"if","locations":[{"start":{"line":55,"column":6},"end":{"line":61,"column":7}},{"start":{"line":55,"column":6},"end":{"line":61,"column":7}}],"line":55},"14":{"loc":{"start":{"line":55,"column":10},"end":{"line":55,"column":59}},"type":"binary-expr","locations":[{"start":{"line":55,"column":10},"end":{"line":55,"column":36}},{"start":{"line":55,"column":40},"end":{"line":55,"column":59}}],"line":55},"15":{"loc":{"start":{"line":74,"column":6},"end":{"line":79,"column":7}},"type":"if","locations":[{"start":{"line":74,"column":6},"end":{"line":79,"column":7}},{"start":{"line":74,"column":6},"end":{"line":79,"column":7}}],"line":74},"16":{"loc":{"start":{"line":74,"column":10},"end":{"line":74,"column":53}},"type":"binary-expr","locations":[{"start":{"line":74,"column":10},"end":{"line":74,"column":23}},{"start":{"line":74,"column":27},"end":{"line":74,"column":53}}],"line":74},"17":{"loc":{"start":{"line":81,"column":19},"end":{"line":81,"column":94}},"type":"cond-expr","locations":[{"start":{"line":81,"column":54},"end":{"line":81,"column":90}},{"start":{"line":81,"column":93},"end":{"line":81,"column":94}}],"line":81},"18":{"loc":{"start":{"line":113,"column":6},"end":{"line":119,"column":7}},"type":"if","locations":[{"start":{"line":113,"column":6},"end":{"line":119,"column":7}},{"start":{"line":113,"column":6},"end":{"line":119,"column":7}}],"line":113},"19":{"loc":{"start":{"line":113,"column":10},"end":{"line":113,"column":61}},"type":"binary-expr","locations":[{"start":{"line":113,"column":10},"end":{"line":113,"column":37}},{"start":{"line":113,"column":41},"end":{"line":113,"column":61}}],"line":113},"20":{"loc":{"start":{"line":133,"column":6},"end":{"line":148,"column":7}},"type":"if","locations":[{"start":{"line":133,"column":6},"end":{"line":148,"column":7}},{"start":{"line":133,"column":6},"end":{"line":148,"column":7}}],"line":133},"21":{"loc":{"start":{"line":140,"column":30},"end":{"line":140,"column":105}},"type":"cond-expr","locations":[{"start":{"line":140,"column":70},"end":{"line":140,"column":89}},{"start":{"line":140,"column":92},"end":{"line":140,"column":105}}],"line":140},"22":{"loc":{"start":{"line":160,"column":6},"end":{"line":172,"column":7}},"type":"if","locations":[{"start":{"line":160,"column":6},"end":{"line":172,"column":7}},{"start":{"line":160,"column":6},"end":{"line":172,"column":7}}],"line":160},"23":{"loc":{"start":{"line":179,"column":6},"end":{"line":191,"column":7}},"type":"if","locations":[{"start":{"line":179,"column":6},"end":{"line":191,"column":7}},{"start":{"line":179,"column":6},"end":{"line":191,"column":7}}],"line":179},"24":{"loc":{"start":{"line":204,"column":6},"end":{"line":216,"column":7}},"type":"if","locations":[{"start":{"line":204,"column":6},"end":{"line":216,"column":7}},{"start":{"line":204,"column":6},"end":{"line":216,"column":7}}],"line":204}},"s":{"0":1,"1":1,"2":1,"3":1,"4":1,"5":3,"6":3,"7":0,"8":0,"9":0,"10":3,"11":3,"12":3,"13":3,"14":9,"15":3,"16":0,"17":0,"18":1,"19":1,"20":5,"21":5,"22":5,"23":5,"24":5,"25":5,"26":1,"27":0,"28":1,"29":1,"30":1,"31":1,"32":0,"33":1,"34":3,"35":3,"36":3,"37":3,"38":3,"39":3,"40":3,"41":1,"42":1,"43":2,"44":1,"45":1,"46":1,"47":1,"48":1,"49":0,"50":1,"51":1,"52":3,"53":1,"54":1,"55":1,"56":1,"57":1,"58":2,"59":2,"60":2,"61":2,"62":2,"63":1,"64":1,"65":1,"66":1,"67":1,"68":0,"69":1,"70":1,"71":1,"72":1,"73":1,"74":2,"75":1,"76":0,"77":1,"78":1,"79":1,"80":1,"81":0,"82":1,"83":1,"84":1,"85":1,"86":2,"87":1,"88":0,"89":1,"90":1,"91":1,"92":1},"f":{"0":3,"1":3,"2":0,"3":0,"4":3,"5":0,"6":1,"7":1,"8":1,"9":0,"10":3,"11":1,"12":3,"13":2,"14":1,"15":1,"16":2,"17":1,"18":1,"19":2},"b":{"0":[3,0],"1":[3,3],"2":[3,0,0],"3":[0,0],"4":[0,0],"5":[3,0],"6":[0,0],"7":[5,5],"8":[5,0],"9":[0,1],"10":[1,0],"11":[1,2],"12":[3,2],"13":[1,1],"14":[2,1],"15":[0,1],"16":[1,1],"17":[1,0],"18":[1,1],"19":[2,1],"20":[0,1],"21":[1,0],"22":[0,1],"23":[0,1],"24":[0,1]},"_coverageSchema":"43e27e138ebf9cfc5966b082cf9a028302ed4184","hash":"7a74a2c97f7a1d8d2168e130db6584694daf18a4","contentHash":"aef457fa5001741989012822673c2b7edfc65af53b95733c9711851741cbb1da"},"C:\\Users\\user\\Desktop\\meals\\banka\\dist\\server\\models\\accounts.js":{"path":"C:\\Users\\user\\Desktop\\meals\\banka\\dist\\server\\models\\accounts.js","statementMap":{"0":{"start":{"line":3,"column":0},"end":{"line":5,"column":3}},"1":{"start":{"line":6,"column":0},"end":{"line":6,"column":28}},"2":{"start":{"line":8,"column":50},"end":{"line":8,"column":151}},"3":{"start":{"line":8,"column":92},"end":{"line":8,"column":149}},"4":{"start":{"line":10,"column":14},"end":{"line":22,"column":1}},"5":{"start":{"line":11,"column":15},"end":{"line":11,"column":90}},"6":{"start":{"line":13,"column":2},"end":{"line":13,"column":33}},"7":{"start":{"line":15,"column":2},"end":{"line":15,"column":21}},"8":{"start":{"line":16,"column":2},"end":{"line":16,"column":32}},"9":{"start":{"line":17,"column":2},"end":{"line":17,"column":45}},"10":{"start":{"line":18,"column":2},"end":{"line":18,"column":21}},"11":{"start":{"line":19,"column":2},"end":{"line":19,"column":19}},"12":{"start":{"line":20,"column":2},"end":{"line":20,"column":23}},"13":{"start":{"line":21,"column":2},"end":{"line":21,"column":37}},"14":{"start":{"line":24,"column":15},"end":{"line":24,"column":22}},"15":{"start":{"line":25,"column":0},"end":{"line":25,"column":30}}},"fnMap":{"0":{"name":"_classCallCheck","decl":{"start":{"line":8,"column":9},"end":{"line":8,"column":24}},"loc":{"start":{"line":8,"column":48},"end":{"line":8,"column":153}},"line":8},"1":{"name":"Account","decl":{"start":{"line":10,"column":23},"end":{"line":10,"column":30}},"loc":{"start":{"line":10,"column":44},"end":{"line":22,"column":1}},"line":10}},"branchMap":{"0":{"loc":{"start":{"line":8,"column":50},"end":{"line":8,"column":151}},"type":"if","locations":[{"start":{"line":8,"column":50},"end":{"line":8,"column":151}},{"start":{"line":8,"column":50},"end":{"line":8,"column":151}}],"line":8},"1":{"loc":{"start":{"line":11,"column":15},"end":{"line":11,"column":90}},"type":"cond-expr","locations":[{"start":{"line":11,"column":68},"end":{"line":11,"column":80}},{"start":{"line":11,"column":83},"end":{"line":11,"column":90}}],"line":11},"2":{"loc":{"start":{"line":11,"column":15},"end":{"line":11,"column":65}},"type":"binary-expr","locations":[{"start":{"line":11,"column":15},"end":{"line":11,"column":35}},{"start":{"line":11,"column":39},"end":{"line":11,"column":65}}],"line":11}},"s":{"0":1,"1":1,"2":3,"3":0,"4":1,"5":3,"6":3,"7":3,"8":3,"9":3,"10":3,"11":3,"12":3,"13":3,"14":1,"15":1},"f":{"0":3,"1":3},"b":{"0":[0,3],"1":[0,3],"2":[3,0]},"_coverageSchema":"43e27e138ebf9cfc5966b082cf9a028302ed4184","hash":"1f35a61ba6c6ce944661584ed5b328c2e87b141e","contentHash":"426d33c052d616d87065a5f7a9c0a62ea3e3452bce78f1b0d7381cfebce91870"},"C:\\Users\\user\\Desktop\\meals\\banka\\dist\\server\\db\\accountRecord.js":{"path":"C:\\Users\\user\\Desktop\\meals\\banka\\dist\\server\\db\\accountRecord.js","statementMap":{"0":{"start":{"line":3,"column":0},"end":{"line":5,"column":3}},"1":{"start":{"line":6,"column":0},"end":{"line":6,"column":28}},"2":{"start":{"line":7,"column":20},"end":{"line":31,"column":2}},"3":{"start":{"line":32,"column":15},"end":{"line":32,"column":28}},"4":{"start":{"line":33,"column":0},"end":{"line":33,"column":30}}},"fnMap":{},"branchMap":{},"s":{"0":1,"1":1,"2":1,"3":1,"4":1},"f":{},"b":{},"_coverageSchema":"43e27e138ebf9cfc5966b082cf9a028302ed4184","hash":"a6bdc4a4ad440608feea74d55fa297fe0eec4e51","contentHash":"4716996120c41c8e9a6d7efcccad34e973e7eb73dce30a5977144ed54c08ffc4"},"C:\\Users\\user\\Desktop\\meals\\banka\\dist\\server\\routers\\transactions.js":{"path":"C:\\Users\\user\\Desktop\\meals\\banka\\dist\\server\\routers\\transactions.js","statementMap":{"0":{"start":{"line":3,"column":0},"end":{"line":5,"column":3}},"1":{"start":{"line":6,"column":0},"end":{"line":6,"column":28}},"2":{"start":{"line":8,"column":15},"end":{"line":8,"column":57}},"3":{"start":{"line":10,"column":20},"end":{"line":10,"column":82}},"4":{"start":{"line":12,"column":39},"end":{"line":12,"column":95}},"5":{"start":{"line":14,"column":13},"end":{"line":14,"column":41}},"6":{"start":{"line":16,"column":0},"end":{"line":16,"column":72}},"7":{"start":{"line":17,"column":15},"end":{"line":17,"column":21}},"8":{"start":{"line":18,"column":0},"end":{"line":18,"column":30}}},"fnMap":{"0":{"name":"_interopRequireDefault","decl":{"start":{"line":12,"column":9},"end":{"line":12,"column":31}},"loc":{"start":{"line":12,"column":37},"end":{"line":12,"column":97}},"line":12}},"branchMap":{"0":{"loc":{"start":{"line":12,"column":46},"end":{"line":12,"column":94}},"type":"cond-expr","locations":[{"start":{"line":12,"column":70},"end":{"line":12,"column":73}},{"start":{"line":12,"column":76},"end":{"line":12,"column":94}}],"line":12},"1":{"loc":{"start":{"line":12,"column":46},"end":{"line":12,"column":67}},"type":"binary-expr","locations":[{"start":{"line":12,"column":46},"end":{"line":12,"column":49}},{"start":{"line":12,"column":53},"end":{"line":12,"column":67}}],"line":12}},"s":{"0":1,"1":1,"2":1,"3":1,"4":2,"5":1,"6":1,"7":1,"8":1},"f":{"0":2},"b":{"0":[1,1],"1":[2,2]},"_coverageSchema":"43e27e138ebf9cfc5966b082cf9a028302ed4184","hash":"f87ce923aa7099d6d6f56a7bec4122deb57f1437","contentHash":"8fabaaa5ae7ea44b0be2fd447f7cb963735a4165a2ad82c42bd2a2f07631132f"},"C:\\Users\\user\\Desktop\\meals\\banka\\dist\\server\\controllers\\transactions.js":{"path":"C:\\Users\\user\\Desktop\\meals\\banka\\dist\\server\\controllers\\transactions.js","statementMap":{"0":{"start":{"line":3,"column":0},"end":{"line":5,"column":3}},"1":{"start":{"line":6,"column":0},"end":{"line":6,"column":28}},"2":{"start":{"line":8,"column":20},"end":{"line":8,"column":77}},"3":{"start":{"line":10,"column":21},"end":{"line":10,"column":75}},"4":{"start":{"line":12,"column":25},"end":{"line":12,"column":83}},"5":{"start":{"line":14,"column":21},"end":{"line":14,"column":75}},"6":{"start":{"line":16,"column":39},"end":{"line":16,"column":95}},"7":{"start":{"line":18,"column":50},"end":{"line":18,"column":151}},"8":{"start":{"line":18,"column":92},"end":{"line":18,"column":149}},"9":{"start":{"line":20,"column":44},"end":{"line":20,"column":315}},"10":{"start":{"line":20,"column":57},"end":{"line":20,"column":58}},"11":{"start":{"line":20,"column":102},"end":{"line":20,"column":110}},"12":{"start":{"line":20,"column":112},"end":{"line":20,"column":167}},"13":{"start":{"line":20,"column":168},"end":{"line":20,"column":199}},"14":{"start":{"line":20,"column":200},"end":{"line":20,"column":254}},"15":{"start":{"line":20,"column":227},"end":{"line":20,"column":254}},"16":{"start":{"line":20,"column":255},"end":{"line":20,"column":313}},"17":{"start":{"line":22,"column":62},"end":{"line":22,"column":131}},"18":{"start":{"line":22,"column":78},"end":{"line":22,"column":131}},"19":{"start":{"line":22,"column":132},"end":{"line":22,"column":193}},"20":{"start":{"line":22,"column":149},"end":{"line":22,"column":193}},"21":{"start":{"line":22,"column":194},"end":{"line":22,"column":213}},"22":{"start":{"line":26,"column":0},"end":{"line":142,"column":3}},"23":{"start":{"line":28,"column":4},"end":{"line":28,"column":49}},"24":{"start":{"line":31,"column":2},"end":{"line":139,"column":6}},"25":{"start":{"line":34,"column":19},"end":{"line":34,"column":34}},"26":{"start":{"line":35,"column":26},"end":{"line":35,"column":50}},"27":{"start":{"line":36,"column":17},"end":{"line":36,"column":32}},"28":{"start":{"line":37,"column":18},"end":{"line":37,"column":75}},"29":{"start":{"line":39,"column":6},"end":{"line":45,"column":7}},"30":{"start":{"line":40,"column":8},"end":{"line":43,"column":11}},"31":{"start":{"line":44,"column":8},"end":{"line":44,"column":15}},"32":{"start":{"line":48,"column":6},"end":{"line":54,"column":7}},"33":{"start":{"line":49,"column":8},"end":{"line":52,"column":11}},"34":{"start":{"line":53,"column":8},"end":{"line":53,"column":15}},"35":{"start":{"line":57,"column":6},"end":{"line":137,"column":7}},"36":{"start":{"line":58,"column":8},"end":{"line":61,"column":11}},"37":{"start":{"line":65,"column":27},"end":{"line":67,"column":10}},"38":{"start":{"line":66,"column":10},"end":{"line":66,"column":74}},"39":{"start":{"line":71,"column":8},"end":{"line":136,"column":9}},"40":{"start":{"line":72,"column":10},"end":{"line":75,"column":13}},"41":{"start":{"line":78,"column":10},"end":{"line":78,"column":105}},"42":{"start":{"line":80,"column":10},"end":{"line":80,"column":55}},"43":{"start":{"line":82,"column":29},"end":{"line":84,"column":12}},"44":{"start":{"line":83,"column":12},"end":{"line":83,"column":45}},"45":{"start":{"line":87,"column":10},"end":{"line":134,"column":11}},"46":{"start":{"line":88,"column":12},"end":{"line":88,"column":60}},"47":{"start":{"line":89,"column":12},"end":{"line":89,"column":71}},"48":{"start":{"line":90,"column":12},"end":{"line":90,"column":59}},"49":{"start":{"line":91,"column":12},"end":{"line":91,"column":52}},"50":{"start":{"line":93,"column":12},"end":{"line":93,"column":54}},"51":{"start":{"line":95,"column":12},"end":{"line":105,"column":15}},"52":{"start":{"line":108,"column":12},"end":{"line":108,"column":60}},"53":{"start":{"line":110,"column":12},"end":{"line":133,"column":13}},"54":{"start":{"line":111,"column":14},"end":{"line":114,"column":17}},"55":{"start":{"line":116,"column":14},"end":{"line":116,"column":73}},"56":{"start":{"line":117,"column":14},"end":{"line":117,"column":61}},"57":{"start":{"line":118,"column":14},"end":{"line":118,"column":54}},"58":{"start":{"line":120,"column":14},"end":{"line":120,"column":56}},"59":{"start":{"line":122,"column":14},"end":{"line":132,"column":17}},"60":{"start":{"line":141,"column":2},"end":{"line":141,"column":31}},"61":{"start":{"line":144,"column":15},"end":{"line":144,"column":36}},"62":{"start":{"line":145,"column":0},"end":{"line":145,"column":30}}},"fnMap":{"0":{"name":"_interopRequireDefault","decl":{"start":{"line":16,"column":9},"end":{"line":16,"column":31}},"loc":{"start":{"line":16,"column":37},"end":{"line":16,"column":97}},"line":16},"1":{"name":"_classCallCheck","decl":{"start":{"line":18,"column":9},"end":{"line":18,"column":24}},"loc":{"start":{"line":18,"column":48},"end":{"line":18,"column":153}},"line":18},"2":{"name":"_defineProperties","decl":{"start":{"line":20,"column":9},"end":{"line":20,"column":26}},"loc":{"start":{"line":20,"column":42},"end":{"line":20,"column":317}},"line":20},"3":{"name":"_createClass","decl":{"start":{"line":22,"column":9},"end":{"line":22,"column":21}},"loc":{"start":{"line":22,"column":60},"end":{"line":22,"column":215}},"line":22},"4":{"name":"(anonymous_4)","decl":{"start":{"line":26,"column":0},"end":{"line":26,"column":1}},"loc":{"start":{"line":26,"column":12},"end":{"line":142,"column":1}},"line":26},"5":{"name":"TransactionController","decl":{"start":{"line":27,"column":11},"end":{"line":27,"column":32}},"loc":{"start":{"line":27,"column":35},"end":{"line":29,"column":3}},"line":27},"6":{"name":"creDebit","decl":{"start":{"line":33,"column":20},"end":{"line":33,"column":28}},"loc":{"start":{"line":33,"column":39},"end":{"line":138,"column":5}},"line":33},"7":{"name":"(anonymous_7)","decl":{"start":{"line":65,"column":58},"end":{"line":65,"column":59}},"loc":{"start":{"line":65,"column":74},"end":{"line":67,"column":9}},"line":65},"8":{"name":"(anonymous_8)","decl":{"start":{"line":82,"column":60},"end":{"line":82,"column":61}},"loc":{"start":{"line":82,"column":76},"end":{"line":84,"column":11}},"line":82}},"branchMap":{"0":{"loc":{"start":{"line":16,"column":46},"end":{"line":16,"column":94}},"type":"cond-expr","locations":[{"start":{"line":16,"column":70},"end":{"line":16,"column":73}},{"start":{"line":16,"column":76},"end":{"line":16,"column":94}}],"line":16},"1":{"loc":{"start":{"line":16,"column":46},"end":{"line":16,"column":67}},"type":"binary-expr","locations":[{"start":{"line":16,"column":46},"end":{"line":16,"column":49}},{"start":{"line":16,"column":53},"end":{"line":16,"column":67}}],"line":16},"2":{"loc":{"start":{"line":18,"column":50},"end":{"line":18,"column":151}},"type":"if","locations":[{"start":{"line":18,"column":50},"end":{"line":18,"column":151}},{"start":{"line":18,"column":50},"end":{"line":18,"column":151}}],"line":18},"3":{"loc":{"start":{"line":20,"column":136},"end":{"line":20,"column":166}},"type":"binary-expr","locations":[{"start":{"line":20,"column":136},"end":{"line":20,"column":157}},{"start":{"line":20,"column":161},"end":{"line":20,"column":166}}],"line":20},"4":{"loc":{"start":{"line":20,"column":200},"end":{"line":20,"column":254}},"type":"if","locations":[{"start":{"line":20,"column":200},"end":{"line":20,"column":254}},{"start":{"line":20,"column":200},"end":{"line":20,"column":254}}],"line":20},"5":{"loc":{"start":{"line":22,"column":62},"end":{"line":22,"column":131}},"type":"if","locations":[{"start":{"line":22,"column":62},"end":{"line":22,"column":131}},{"start":{"line":22,"column":62},"end":{"line":22,"column":131}}],"line":22},"6":{"loc":{"start":{"line":22,"column":132},"end":{"line":22,"column":193}},"type":"if","locations":[{"start":{"line":22,"column":132},"end":{"line":22,"column":193}},{"start":{"line":22,"column":132},"end":{"line":22,"column":193}}],"line":22},"7":{"loc":{"start":{"line":39,"column":6},"end":{"line":45,"column":7}},"type":"if","locations":[{"start":{"line":39,"column":6},"end":{"line":45,"column":7}},{"start":{"line":39,"column":6},"end":{"line":45,"column":7}}],"line":39},"8":{"loc":{"start":{"line":39,"column":10},"end":{"line":39,"column":47}},"type":"binary-expr","locations":[{"start":{"line":39,"column":10},"end":{"line":39,"column":30}},{"start":{"line":39,"column":34},"end":{"line":39,"column":47}}],"line":39},"9":{"loc":{"start":{"line":48,"column":6},"end":{"line":54,"column":7}},"type":"if","locations":[{"start":{"line":48,"column":6},"end":{"line":54,"column":7}},{"start":{"line":48,"column":6},"end":{"line":54,"column":7}}],"line":48},"10":{"loc":{"start":{"line":57,"column":6},"end":{"line":137,"column":7}},"type":"if","locations":[{"start":{"line":57,"column":6},"end":{"line":137,"column":7}},{"start":{"line":57,"column":6},"end":{"line":137,"column":7}}],"line":57},"11":{"loc":{"start":{"line":57,"column":10},"end":{"line":57,"column":59}},"type":"binary-expr","locations":[{"start":{"line":57,"column":10},"end":{"line":57,"column":33}},{"start":{"line":57,"column":37},"end":{"line":57,"column":59}}],"line":57},"12":{"loc":{"start":{"line":71,"column":8},"end":{"line":136,"column":9}},"type":"if","locations":[{"start":{"line":71,"column":8},"end":{"line":136,"column":9}},{"start":{"line":71,"column":8},"end":{"line":136,"column":9}}],"line":71},"13":{"loc":{"start":{"line":71,"column":12},"end":{"line":71,"column":55}},"type":"binary-expr","locations":[{"start":{"line":71,"column":12},"end":{"line":71,"column":25}},{"start":{"line":71,"column":29},"end":{"line":71,"column":55}}],"line":71},"14":{"loc":{"start":{"line":78,"column":21},"end":{"line":78,"column":104}},"type":"cond-expr","locations":[{"start":{"line":78,"column":60},"end":{"line":78,"column":100}},{"start":{"line":78,"column":103},"end":{"line":78,"column":104}}],"line":78},"15":{"loc":{"start":{"line":87,"column":10},"end":{"line":134,"column":11}},"type":"if","locations":[{"start":{"line":87,"column":10},"end":{"line":134,"column":11}},{"start":{"line":87,"column":10},"end":{"line":134,"column":11}}],"line":87},"16":{"loc":{"start":{"line":110,"column":12},"end":{"line":133,"column":13}},"type":"if","locations":[{"start":{"line":110,"column":12},"end":{"line":133,"column":13}},{"start":{"line":110,"column":12},"end":{"line":133,"column":13}}],"line":110}},"s":{"0":1,"1":1,"2":1,"3":1,"4":1,"5":1,"6":4,"7":0,"8":0,"9":1,"10":1,"11":1,"12":1,"13":1,"14":1,"15":1,"16":1,"17":1,"18":0,"19":1,"20":1,"21":1,"22":1,"23":0,"24":1,"25":5,"26":5,"27":5,"28":5,"29":5,"30":2,"31":2,"32":3,"33":2,"34":2,"35":1,"36":0,"37":1,"38":2,"39":1,"40":0,"41":1,"42":1,"43":1,"44":3,"45":1,"46":0,"47":0,"48":0,"49":0,"50":0,"51":0,"52":1,"53":1,"54":0,"55":1,"56":1,"57":1,"58":1,"59":1,"60":1,"61":1,"62":1},"f":{"0":4,"1":0,"2":1,"3":1,"4":1,"5":0,"6":5,"7":2,"8":3},"b":{"0":[4,0],"1":[4,4],"2":[0,0],"3":[1,1],"4":[1,0],"5":[0,1],"6":[1,0],"7":[2,3],"8":[5,3],"9":[2,1],"10":[0,1],"11":[1,1],"12":[0,1],"13":[1,0],"14":[1,0],"15":[0,1],"16":[0,1]},"_coverageSchema":"43e27e138ebf9cfc5966b082cf9a028302ed4184","hash":"ab16089dd944fd661909a94dbaeeebdbc286a49f","contentHash":"0ba243c7c534bc305b26637a73525d98e017e69954e2879ff6dbe9c645eec997"},"C:\\Users\\user\\Desktop\\meals\\banka\\dist\\server\\models\\transactions.js":{"path":"C:\\Users\\user\\Desktop\\meals\\banka\\dist\\server\\models\\transactions.js","statementMap":{"0":{"start":{"line":3,"column":
[...]
start":{"line":11,"column":53},"end":{"line":11,"column":67}}],"line":11}},"s":{"0":1,"1":1,"2":1,"3":1,"4":4,"5":1,"6":1,"7":1,"8":1,"9":1,"10":1,"11":1,"12":1,"13":1,"14":1,"15":1,"16":1,"17":1,"18":1,"19":1,"20":1,"21":1,"22":1,"23":1,"24":1,"25":1,"26":1,"27":1,"28":1,"29":1,"30":1,"31":1,"32":1,"33":1,"34":1,"35":1,"36":1,"37":1,"38":1,"39":1,"40":1,"41":1,"42":1,"43":1,"44":1,"45":1,"46":1,"47":1,"48":1,"49":1,"50":1,"51":1,"52":1,"53":1,"54":1,"55":1,"56":1,"57":1,"58":1,"59":1},"f":{"0":4,"1":1,"2":1,"3":1,"4":1,"5":1,"6":1,"7":1,"8":1,"9":1,"10":1,"11":1,"12":1,"13":1,"14":1,"15":1},"b":{"0":[2,2],"1":[4,4]},"_coverageSchema":"43e27e138ebf9cfc5966b082cf9a028302ed4184","hash":"6904fbf4415ea1acec46ebb958c4f49c8db56d06","contentHash":"5e75f7bf31d59eb5028755652b1ceca603453867230375d746662fc5e5649282"},"C:\\Users\\user\\Desktop\\meals\\banka\\dist\\server\\test\\test-users.spec.js":{"path":"C:\\Users\\user\\Desktop\\meals\\banka\\dist\\server\\test\\test-users.spec.js","statementMap":{"0":{"start":{"line":3,"column":12},"end":{"line":3,"column":51}},"1":{"start":{"line":5,"column":16},"end":{"line":5,"column":60}},"2":{"start":{"line":7,"column":13},"end":{"line":7,"column":59}},"3":{"start":{"line":9,"column":13},"end":{"line":9,"column":68}},"4":{"start":{"line":11,"column":39},"end":{"line":11,"column":95}},"5":{"start":{"line":17,"column":13},"end":{"line":17,"column":38}},"6":{"start":{"line":19,"column":0},"end":{"line":19,"column":43}},"7":{"start":{"line":21,"column":0},"end":{"line":25,"column":3}},"8":{"start":{"line":22,"column":2},"end":{"line":24,"column":5}},"9":{"start":{"line":23,"column":4},"end":{"line":23,"column":35}},"10":{"start":{"line":27,"column":0},"end":{"line":51,"column":3}},"11":{"start":{"line":28,"column":2},"end":{"line":30,"column":5}},"12":{"start":{"line":29,"column":4},"end":{"line":29,"column":42}},"13":{"start":{"line":31,"column":2},"end":{"line":50,"column":5}},"14":{"start":{"line":32,"column":4},"end":{"line":47,"column":7}},"15":{"start":{"line":40,"column":6},"end":{"line":40,"column":34}},"16":{"start":{"line":41,"column":6},"end":{"line":41,"column":25}},"17":{"start":{"line":42,"column":6},"end":{"line":42,"column":37}},"18":{"start":{"line":43,"column":6},"end":{"line":43,"column":46}},"19":{"start":{"line":44,"column":6},"end":{"line":44,"column":40}},"20":{"start":{"line":45,"column":6},"end":{"line":45,"column":44}},"21":{"start":{"line":46,"column":6},"end":{"line":46,"column":42}},"22":{"start":{"line":49,"column":4},"end":{"line":49,"column":11}},"23":{"start":{"line":52,"column":0},"end":{"line":205,"column":3}},"24":{"start":{"line":53,"column":2},"end":{"line":71,"column":5}},"25":{"start":{"line":54,"column":4},"end":{"line":68,"column":7}},"26":{"start":{"line":62,"column":6},"end":{"line":62,"column":34}},"27":{"start":{"line":63,"column":6},"end":{"line":63,"column":25}},"28":{"start":{"line":64,"column":6},"end":{"line":64,"column":37}},"29":{"start":{"line":65,"column":6},"end":{"line":65,"column":46}},"30":{"start":{"line":66,"column":6},"end":{"line":66,"column":40}},"31":{"start":{"line":67,"column":6},"end":{"line":67,"column":45}},"32":{"start":{"line":70,"column":4},"end":{"line":70,"column":11}},"33":{"start":{"line":72,"column":2},"end":{"line":90,"column":5}},"34":{"start":{"line":73,"column":4},"end":{"line":87,"column":7}},"35":{"start":{"line":81,"column":6},"end":{"line":81,"column":34}},"36":{"start":{"line":82,"column":6},"end":{"line":82,"column":25}},"37":{"start":{"line":83,"column":6},"end":{"line":83,"column":37}},"38":{"start":{"line":84,"column":6},"end":{"line":84,"column":46}},"39":{"start":{"line":85,"column":6},"end":{"line":85,"column":40}},"40":{"start":{"line":86,"column":6},"end":{"line":86,"column":45}},"41":{"start":{"line":89,"column":4},"end":{"line":89,"column":11}},"42":{"start":{"line":91,"column":2},"end":{"line":109,"column":5}},"43":{"start":{"line":92,"column":4},"end":{"line":106,"column":7}},"44":{"start":{"line":100,"column":6},"end":{"line":100,"column":34}},"45":{"start":{"line":101,"column":6},"end":{"line":101,"column":25}},"46":{"start":{"line":102,"column":6},"end":{"line":102,"column":37}},"47":{"start":{"line":103,"column":6},"end":{"line":103,"column":46}},"48":{"start":{"line":104,"column":6},"end":{"line":104,"column":40}},"49":{"start":{"line":105,"column":6},"end":{"line":105,"column":45}},"50":{"start":{"line":108,"column":4},"end":{"line":108,"column":11}},"51":{"start":{"line":110,"column":2},"end":{"line":128,"column":5}},"52":{"start":{"line":111,"column":4},"end":{"line":125,"column":7}},"53":{"start":{"line":119,"column":6},"end":{"line":119,"column":34}},"54":{"start":{"line":120,"column":6},"end":{"line":120,"column":25}},"55":{"start":{"line":121,"column":6},"end":{"line":121,"column":37}},"56":{"start":{"line":122,"column":6},"end":{"line":122,"column":46}},"57":{"start":{"line":123,"column":6},"end":{"line":123,"column":40}},"58":{"start":{"line":124,"column":6},"end":{"line":124,"column":45}},"59":{"start":{"line":127,"column":4},"end":{"line":127,"column":11}},"60":{"start":{"line":129,"column":2},"end":{"line":147,"column":5}},"61":{"start":{"line":130,"column":4},"end":{"line":144,"column":7}},"62":{"start":{"line":138,"column":6},"end":{"line":138,"column":34}},"63":{"start":{"line":139,"column":6},"end":{"line":139,"column":25}},"64":{"start":{"line":140,"column":6},"end":{"line":140,"column":37}},"65":{"start":{"line":141,"column":6},"end":{"line":141,"column":46}},"66":{"start":{"line":142,"column":6},"end":{"line":142,"column":40}},"67":{"start":{"line":143,"column":6},"end":{"line":143,"column":45}},"68":{"start":{"line":146,"column":4},"end":{"line":146,"column":11}},"69":{"start":{"line":148,"column":2},"end":{"line":166,"column":5}},"70":{"start":{"line":149,"column":4},"end":{"line":163,"column":7}},"71":{"start":{"line":157,"column":6},"end":{"line":157,"column":34}},"72":{"start":{"line":158,"column":6},"end":{"line":158,"column":25}},"73":{"start":{"line":159,"column":6},"end":{"line":159,"column":37}},"74":{"start":{"line":160,"column":6},"end":{"line":160,"column":46}},"75":{"start":{"line":161,"column":6},"end":{"line":161,"column":40}},"76":{"start":{"line":162,"column":6},"end":{"line":162,"column":45}},"77":{"start":{"line":165,"column":4},"end":{"line":165,"column":11}},"78":{"start":{"line":167,"column":2},"end":{"line":185,"column":5}},"79":{"start":{"line":168,"column":4},"end":{"line":182,"column":7}},"80":{"start":{"line":176,"column":6},"end":{"line":176,"column":34}},"81":{"start":{"line":177,"column":6},"end":{"line":177,"column":25}},"82":{"start":{"line":178,"column":6},"end":{"line":178,"column":37}},"83":{"start":{"line":179,"column":6},"end":{"line":179,"column":46}},"84":{"start":{"line":180,"column":6},"end":{"line":180,"column":40}},"85":{"start":{"line":181,"column":6},"end":{"line":181,"column":45}},"86":{"start":{"line":184,"column":4},"end":{"line":184,"column":11}},"87":{"start":{"line":186,"column":2},"end":{"line":204,"column":5}},"88":{"start":{"line":187,"column":4},"end":{"line":201,"column":7}},"89":{"start":{"line":195,"column":6},"end":{"line":195,"column":34}},"90":{"start":{"line":196,"column":6},"end":{"line":196,"column":25}},"91":{"start":{"line":197,"column":6},"end":{"line":197,"column":37}},"92":{"start":{"line":198,"column":6},"end":{"line":198,"column":46}},"93":{"start":{"line":199,"column":6},"end":{"line":199,"column":40}},"94":{"start":{"line":200,"column":6},"end":{"line":200,"column":45}},"95":{"start":{"line":203,"column":4},"end":{"line":203,"column":11}},"96":{"start":{"line":207,"column":0},"end":{"line":227,"column":3}},"97":{"start":{"line":208,"column":2},"end":{"line":210,"column":5}},"98":{"start":{"line":209,"column":4},"end":{"line":209,"column":42}},"99":{"start":{"line":211,"column":2},"end":{"line":226,"column":5}},"100":{"start":{"line":212,"column":4},"end":{"line":223,"column":7}},"101":{"start":{"line":216,"column":6},"end":{"line":216,"column":34}},"102":{"start":{"line":217,"column":6},"end":{"line":217,"column":25}},"103":{"start":{"line":218,"column":6},"end":{"line":218,"column":37}},"104":{"start":{"line":219,"column":6},"end":{"line":219,"column":46}},"105":{"start":{"line":220,"column":6},"end":{"line":220,"column":40}},"106":{"start":{"line":221,"column":6},"end":{"line":221,"column":44}},"107":{"start":{"line":222,"column":6},"end":{"line":222,"column":42}},"108":{"start":{"line":225,"column":4},"end":{"line":225,"column":11}},"109":{"start":{"line":228,"column":0},"end":{"line":289,"column":3}},"110":{"start":{"line":229,"column":2},"end":{"line":243,"column":5}},"111":{"start":{"line":230,"column":4},"end":{"line":240,"column":7}},"112":{"start":{"line":234,"column":6},"end":{"line":234,"column":34}},"113":{"start":{"line":235,"column":6},"end":{"line":235,"column":25}},"114":{"start":{"line":236,"column":6},"end":{"line":236,"column":37}},"115":{"start":{"line":237,"column":6},"end":{"line":237,"column":46}},"116":{"start":{"line":238,"column":6},"end":{"line":238,"column":40}},"117":{"start":{"line":239,"column":6},"end":{"line":239,"column":45}},"118":{"start":{"line":242,"column":4},"end":{"line":242,"column":11}},"119":{"start":{"line":244,"column":2},"end":{"line":258,"column":5}},"120":{"start":{"line":245,"column":4},"end":{"line":255,"column":7}},"121":{"start":{"line":249,"column":6},"end":{"line":249,"column":34}},"122":{"start":{"line":250,"column":6},"end":{"line":250,"column":25}},"123":{"start":{"line":251,"column":6},"end":{"line":251,"column":37}},"124":{"start":{"line":252,"column":6},"end":{"line":252,"column":46}},"125":{"start":{"line":253,"column":6},"end":{"line":253,"column":40}},"126":{"start":{"line":254,"column":6},"end":{"line":254,"column":45}},"127":{"start":{"line":257,"column":4},"end":{"line":257,"column":11}},"128":{"start":{"line":259,"column":2},"end":{"line":273,"column":5}},"129":{"start":{"line":260,"column":4},"end":{"line":270,"column":7}},"130":{"start":{"line":264,"column":6},"end":{"line":264,"column":34}},"131":{"start":{"line":265,"column":6},"end":{"line":265,"column":25}},"132":{"start":{"line":266,"column":6},"end":{"line":266,"column":37}},"133":{"start":{"line":267,"column":6},"end":{"line":267,"column":46}},"134":{"start":{"line":268,"column":6},"end":{"line":268,"column":40}},"135":{"start":{"line":269,"column":6},"end":{"line":269,"column":45}},"136":{"start":{"line":272,"column":4},"end":{"line":272,"column":11}},"137":{"start":{"line":274,"column":2},"end":{"line":288,"column":5}},"138":{"start":{"line":275,"column":4},"end":{"line":285,"column":7}},"139":{"start":{"line":279,"column":6},"end":{"line":279,"column":34}},"140":{"start":{"line":280,"column":6},"end":{"line":280,"column":25}},"141":{"start":{"line":281,"column":6},"end":{"line":281,"column":37}},"142":{"start":{"line":282,"column":6},"end":{"line":282,"column":46}},"143":{"start":{"line":283,"column":6},"end":{"line":283,"column":40}},"144":{"start":{"line":284,"column":6},"end":{"line":284,"column":45}},"145":{"start":{"line":287,"column":4},"end":{"line":287,"column":11}}},"fnMap":{"0":{"name":"_interopRequireDefault","decl":{"start":{"line":11,"column":9},"end":{"line":11,"column":31}},"loc":{"start":{"line":11,"column":37},"end":{"line":11,"column":97}},"line":11},"1":{"name":"(anonymous_1)","decl":{"start":{"line":21,"column":28},"end":{"line":21,"column":29}},"loc":{"start":{"line":21,"column":40},"end":{"line":25,"column":1}},"line":21},"2":{"name":"(anonymous_2)","decl":{"start":{"line":22,"column":36},"end":{"line":22,"column":37}},"loc":{"start":{"line":22,"column":48},"end":{"line":24,"column":3}},"line":22},"3":{"name":"(anonymous_3)","decl":{"start":{"line":27,"column":28},"end":{"line":27,"column":29}},"loc":{"start":{"line":27,"column":40},"end":{"line":51,"column":1}},"line":27},"4":{"name":"(anonymous_4)","decl":{"start":{"line":28,"column":40},"end":{"line":28,"column":41}},"loc":{"start":{"line":28,"column":52},"end":{"line":30,"column":3}},"line":28},"5":{"name":"(anonymous_5)","decl":{"start":{"line":31,"column":46},"end":{"line":31,"column":47}},"loc":{"start":{"line":31,"column":62},"end":{"line":50,"column":3}},"line":31},"6":{"name":"(anonymous_6)","decl":{"start":{"line":39,"column":11},"end":{"line":39,"column":12}},"loc":{"start":{"line":39,"column":31},"end":{"line":47,"column":5}},"line":39},"7":{"name":"(anonymous_7)","decl":{"start":{"line":52,"column":43},"end":{"line":52,"column":44}},"loc":{"start":{"line":52,"column":55},"end":{"line":205,"column":1}},"line":52},"8":{"name":"(anonymous_8)","decl":{"start":{"line":53,"column":53},"end":{"line":53,"column":54}},"loc":{"start":{"line":53,"column":69},"end":{"line":71,"column":3}},"line":53},"9":{"name":"(anonymous_9)","decl":{"start":{"line":61,"column":11},"end":{"line":61,"column":12}},"loc":{"start":{"line":61,"column":31},"end":{"line":68,"column":5}},"line":61},"10":{"name":"(anonymous_10)","decl":{"start":{"line":72,"column":52},"end":{"line":72,"column":53}},"loc":{"start":{"line":72,"column":68},"end":{"line":90,"column":3}},"line":72},"11":{"name":"(anonymous_11)","decl":{"start":{"line":80,"column":11},"end":{"line":80,"column":12}},"loc":{"start":{"line":80,"column":31},"end":{"line":87,"column":5}},"line":80},"12":{"name":"(anonymous_12)","decl":{"start":{"line":91,"column":49},"end":{"line":91,"column":50}},"loc":{"start":{"line":91,"column":65},"end":{"line":109,"column":3}},"line":91},"13":{"name":"(anonymous_13)","decl":{"start":{"line":99,"column":11},"end":{"line":99,"column":12}},"loc":{"start":{"line":99,"column":31},"end":{"line":106,"column":5}},"line":99},"14":{"name":"(anonymous_14)","decl":{"start":{"line":110,"column":52},"end":{"line":110,"column":53}},"loc":{"start":{"line":110,"column":68},"end":{"line":128,"column":3}},"line":110},"15":{"name":"(anonymous_15)","decl":{"start":{"line":118,"column":11},"end":{"line":118,"column":12}},"loc":{"start":{"line":118,"column":31},"end":{"line":125,"column":5}},"line":118},"16":{"name":"(anonymous_16)","decl":{"start":{"line":129,"column":47},"end":{"line":129,"column":48}},"loc":{"start":{"line":129,"column":63},"end":{"line":147,"column":3}},"line":129},"17":{"name":"(anonymous_17)","decl":{"start":{"line":137,"column":11},"end":{"line":137,"column":12}},"loc":{"start":{"line":137,"column":31},"end":{"line":144,"column":5}},"line":137},"18":{"name":"(anonymous_18)","decl":{"start":{"line":148,"column":50},"end":{"line":148,"column":51}},"loc":{"start":{"line":148,"column":66},"end":{"line":166,"column":3}},"line":148},"19":{"name":"(anonymous_19)","decl":{"start":{"line":156,"column":11},"end":{"line":156,"column":12}},"loc":{"start":{"line":156,"column":31},"end":{"line":163,"column":5}},"line":156},"20":{"name":"(anonymous_20)","decl":{"start":{"line":167,"column":50},"end":{"line":167,"column":51}},"loc":{"start":{"line":167,"column":66},"end":{"line":185,"column":3}},"line":167},"21":{"name":"(anonymous_21)","decl":{"start":{"line":175,"column":11},"end":{"line":175,"column":12}},"loc":{"start":{"line":175,"column":31},"end":{"line":182,"column":5}},"line":175},"22":{"name":"(anonymous_22)","decl":{"start":{"line":186,"column":52},"end":{"line":186,"column":53}},"loc":{"start":{"line":186,"column":68},"end":{"line":204,"column":3}},"line":186},"23":{"name":"(anonymous_23)","decl":{"start":{"line":194,"column":11},"end":{"line":194,"column":12}},"loc":{"start":{"line":194,"column":31},"end":{"line":201,"column":5}},"line":194},"24":{"name":"(anonymous_24)","decl":{"start":{"line":207,"column":28},"end":{"line":207,"column":29}},"loc":{"start":{"line":207,"column":40},"end":{"line":227,"column":1}},"line":207},"25":{"name":"(anonymous_25)","decl":{"start":{"line":208,"column":40},"end":{"line":208,"column":41}},"loc":{"start":{"line":208,"column":52},"end":{"line":210,"column":3}},"line":208},"26":{"name":"(anonymous_26)","decl":{"start":{"line":211,"column":41},"end":{"line":211,"column":42}},"loc":{"start":{"line":211,"column":57},"end":{"line":226,"column":3}},"line":211},"27":{"name":"(anonymous_27)","decl":{"start":{"line":215,"column":11},"end":{"line":215,"column":12}},"loc":{"start":{"line":215,"column":31},"end":{"line":223,"column":5}},"line":215},"28":{"name":"(anonymous_28)","decl":{"start":{"line":228,"column":43},"end":{"line":228,"column":44}},"loc":{"start":{"line":228,"column":55},"end":{"line":289,"column":1}},"line":228},"29":{"name":"(anonymous_29)","decl":{"start":{"line":229,"column":56},"end":{"line":229,"column":57}},"loc":{"start":{"line":229,"column":72},"end":{"line":243,"column":3}},"line":229},"30":{"name":"(anonymous_30)","decl":{"start":{"line":233,"column":11},"end":{"line":233,"column":12}},"loc":{"start":{"line":233,"column":31},"end":{"line":240,"column":5}},"line":233},"31":{"name":"(anonymous_31)","decl":{"start":{"line":244,"column":59},"end":{"line":244,"column":60}},"loc":{"start":{"line":244,"column":75},"end":{"line":258,"column":3}},"line":244},"32":{"name":"(anonymous_32)","decl":{"start":{"line":248,"column":11},"end":{"line":248,"column":12}},"loc":{"start":{"line":248,"column":31},"end":{"line":255,"column":5}},"line":248},"33":{"name":"(anonymous_33)","decl":{"start":{"line":259,"column":55},"end":{"line":259,"column":56}},"loc":{"start":{"line":259,"column":71},"end":{"line":273,"column":3}},"line":259},"34":{"name":"(anonymous_34)","decl":{"start":{"line":263,"column":11},"end":{"line":263,"column":12}},"loc":{"start":{"line":263,"column":31},"end":{"line":270,"column":5}},"line":263},"35":{"name":"(anonymous_35)","decl":{"start":{"line":274,"column":54},"end":{"line":274,"column":55}},"loc":{"start":{"line":274,"column":70},"end":{"line":288,"column":3}},"line":274},"36":{"name":"(anonymous_36)","decl":{"start":{"line":278,"column":11},"end":{"line":278,"column":12}},"loc":{"start":{"line":278,"column":31},"end":{"line":285,"column":5}},"line":278}},"branchMap":{"0":{"loc":{"start":{"line":11,"column":46},"end":{"line":11,"column":94}},"type":"cond-expr","locations":[{"start":{"line":11,"column":70},"end":{"line":11,"column":73}},{"start":{"line":11,"column":76},"end":{"line":11,"column":94}}],"line":11},"1":{"loc":{"start":{"line":11,"column":46},"end":{"line":11,"column":67}},"type":"binary-expr","locations":[{"start":{"line":11,"column":46},"end":{"line":11,"column":49}},{"start":{"line":11,"column":53},"end":{"line":11,"column":67}}],"line":11}},"s":{"0":1,"1":1,"2":1,"3":1,"4":4,"5":1,"6":1,"7":1,"8":1,"9":1,"10":1,"11":1,"12":1,"13":1,"14":1,"15":1,"16":1,"17":1,"18":1,"19":1,"20":1,"21":1,"22":1,"23":1,"24":1,"25":1,"26":1,"27":1,"28":1,"29":1,"30":1,"31":1,"32":1,"33":1,"34":1,"35":1,"36":1,"37":1,"38":1,"39":1,"40":1,"41":1,"42":1,"43":1,"44":1,"45":1,"46":1,"47":1,"48":1,"49":1,"50":1,"51":1,"52":1,"53":1,"54":1,"55":1,"56":1,"57":1,"58":1,"59":1,"60":1,"61":1,"62":1,"63":1,"64":1,"65":1,"66":1,"67":1,"68":1,"69":1,"70":1,"71":1,"72":1,"73":1,"74":1,"75":1,"76":1,"77":1,"78":1,"79":1,"80":1,"81":1,"82":1,"83":1,"84":1,"85":1,"86":1,"87":1,"88":1,"89":1,"90":1,"91":1,"92":1,"93":1,"94":1,"95":1,"96":1,"97":1,"98":1,"99":1,"100":1,"101":1,"102":1,"103":1,"104":1,"105":1,"106":1,"107":1,"108":1,"109":1,"110":1,"111":1,"112":1,"113":1,"114":1,"115":1,"116":1,"117":1,"118":1,"119":1,"120":1,"121":1,"122":1,"123":1,"124":1,"125":1,"126":1,"127":1,"128":1,"129":1,"130":1,"131":1,"132":1,"133":1,"134":1,"135":1,"136":1,"137":1,"138":1,"139":1,"140":1,"141":1,"142":1,"143":1,"144":1,"145":1},"f":{"0":4,"1":1,"2":1,"3":1,"4":1,"5":1,"6":1,"7":1,"8":1,"9":1,"10":1,"11":1,"12":1,"13":1,"14":1,"15":1,"16":1,"17":1,"18":1,"19":1,"20":1,"21":1,"22":1,"23":1,"24":1,"25":1,"26":1,"27":1,"28":1,"29":1,"30":1,"31":1,"32":1,"33":1,"34":1,"35":1,"36":1},"b":{"0":[2,2],"1":[4,4]},"_coverageSchema":"43e27e138ebf9cfc5966b082cf9a028302ed4184","hash":"36770d50c23277f07d6d46a1385f9e4490534d8d","contentHash":"146295fc9724a8fbe7547ac11e559f7d0cde2de5d163a272b7bd28b141421fed"}}